This file contains any messages produced by compilers while
running configure, to aid debugging if configure makes a mistake.

It was created by configure, which was
generated by GNU Autoconf 2.69.  Invocation command line was

  $ ./configure --enable-maintainer-mode

## --------- ##
## Platform. ##
## --------- ##

hostname = nayeem-desktop
uname -m = i686
uname -r = 3.13.0-46-generic
uname -s = Linux
uname -v = #76-Ubuntu SMP Thu Feb 26 18:52:49 UTC 2015

/usr/bin/uname -p = unknown
/bin/uname -X     = unknown

/bin/arch              = unknown
/usr/bin/arch -k       = unknown
/usr/convex/getsysinfo = unknown
/usr/bin/hostinfo      = unknown
/bin/machine           = unknown
/usr/bin/oslevel       = unknown
/bin/universe          = unknown

PATH: /usr/local/sbin
PATH: /usr/local/bin
PATH: /usr/sbin
PATH: /usr/bin
PATH: /sbin
PATH: /bin
PATH: /usr/games
PATH: /usr/local/games


## ----------- ##
## Core tests. ##
## ----------- ##

configure:2609: checking for a BSD-compatible install
configure:2677: result: /usr/bin/install -c
configure:2688: checking whether build environment is sane
configure:2743: result: yes
configure:2781: WARNING: 'missing' script is too old or missing
configure:2894: checking for a thread-safe mkdir -p
configure:2933: result: /bin/mkdir -p
configure:2940: checking for gawk
configure:2956: found /usr/bin/gawk
configure:2967: result: gawk
configure:2978: checking whether make sets $(MAKE)
configure:3000: result: yes
configure:3029: checking whether make supports nested variables
configure:3046: result: yes
configure:3167: checking whether to enable maintainer-specific portions of Makefiles
configure:3176: result: yes
configure:3249: checking build system type
configure:3263: result: i686-pc-linux-gnu
configure:3283: checking host system type
configure:3296: result: i686-pc-linux-gnu
configure:3337: checking how to print strings
configure:3364: result: printf
configure:3397: checking for style of include used by make
configure:3425: result: GNU
configure:3496: checking for gcc
configure:3512: found /usr/bin/gcc
configure:3523: result: gcc
configure:3752: checking for C compiler version
configure:3761: gcc --version >&5
gcc (Ubuntu 4.8.2-19ubuntu1) 4.8.2
Copyright (C) 2013 Free Software Foundation, Inc.
This is free software; see the source for copying conditions.  There is NO
warranty; not even for MERCHANTABILITY or FITNESS FOR A PARTICULAR PURPOSE.

configure:3772: $? = 0
configure:3761: gcc -v >&5
Using built-in specs.
COLLECT_GCC=gcc
COLLECT_LTO_WRAPPER=/usr/lib/gcc/i686-linux-gnu/4.8/lto-wrapper
Target: i686-linux-gnu
Configured with: ../src/configure -v --with-pkgversion='Ubuntu 4.8.2-19ubuntu1' --with-bugurl=file:///usr/share/doc/gcc-4.8/README.Bugs --enable-languages=c,c++,java,go,d,fortran,objc,obj-c++ --prefix=/usr --program-suffix=-4.8 --enable-shared --enable-linker-build-id --libexecdir=/usr/lib --without-included-gettext --enable-threads=posix --with-gxx-include-dir=/usr/include/c++/4.8 --libdir=/usr/lib --enable-nls --with-sysroot=/ --enable-clocale=gnu --enable-libstdcxx-debug --enable-libstdcxx-time=yes --enable-gnu-unique-object --disable-libmudflap --enable-plugin --with-system-zlib --disable-browser-plugin --enable-java-awt=gtk --enable-gtk-cairo --with-java-home=/usr/lib/jvm/java-1.5.0-gcj-4.8-i386/jre --enable-java-home --with-jvm-root-dir=/usr/lib/jvm/java-1.5.0-gcj-4.8-i386 --with-jvm-jar-dir=/usr/lib/jvm-exports/java-1.5.0-gcj-4.8-i386 --with-arch-directory=i386 --with-ecj-jar=/usr/share/java/eclipse-ecj.jar --enable-objc-gc --enable-targets=all --enable-multiarch --disable-werror --with-arch-32=i686 --with-multilib-list=m32,m64,mx32 --with-tune=generic --enable-checking=release --build=i686-linux-gnu --host=i686-linux-gnu --target=i686-linux-gnu
Thread model: posix
gcc version 4.8.2 (Ubuntu 4.8.2-19ubuntu1) 
configure:3772: $? = 0
configure:3761: gcc -V >&5
gcc: error: unrecognized command line option '-V'
gcc: fatal error: no input files
compilation terminated.
configure:3772: $? = 4
configure:3761: gcc -qversion >&5
gcc: error: unrecognized command line option '-qversion'
gcc: fatal error: no input files
compilation terminated.
configure:3772: $? = 4
configure:3792: checking whether the C compiler works
configure:3814: gcc    conftest.c  >&5
configure:3818: $? = 0
configure:3866: result: yes
configure:3869: checking for C compiler default output file name
configure:3871: result: a.out
configure:3877: checking for suffix of executables
configure:3884: gcc -o conftest    conftest.c  >&5
configure:3888: $? = 0
configure:3910: result: 
configure:3932: checking whether we are cross compiling
configure:3940: gcc -o conftest    conftest.c  >&5
configure:3944: $? = 0
configure:3951: ./conftest
configure:3955: $? = 0
configure:3970: result: no
configure:3975: checking for suffix of object files
configure:3997: gcc -c   conftest.c >&5
configure:4001: $? = 0
configure:4022: result: o
configure:4026: checking whether we are using the GNU C compiler
configure:4045: gcc -c   conftest.c >&5
configure:4045: $? = 0
configure:4054: result: yes
configure:4063: checking whether gcc accepts -g
configure:4083: gcc -c -g  conftest.c >&5
configure:4083: $? = 0
configure:4124: result: yes
configure:4141: checking for gcc option to accept ISO C89
configure:4204: gcc  -c -g -O2  conftest.c >&5
configure:4204: $? = 0
configure:4217: result: none needed
configure:4242: checking whether gcc understands -c and -o together
configure:4264: gcc -c conftest.c -o conftest2.o
configure:4267: $? = 0
configure:4264: gcc -c conftest.c -o conftest2.o
configure:4267: $? = 0
configure:4279: result: yes
configure:4298: checking dependency style of gcc
configure:4409: result: gcc3
configure:4424: checking for a sed that does not truncate output
configure:4488: result: /bin/sed
configure:4506: checking for grep that handles long lines and -e
configure:4564: result: /bin/grep
configure:4569: checking for egrep
configure:4631: result: /bin/grep -E
configure:4636: checking for fgrep
configure:4698: result: /bin/grep -F
configure:4733: checking for ld used by gcc
configure:4800: result: /usr/bin/ld
configure:4807: checking if the linker (/usr/bin/ld) is GNU ld
configure:4822: result: yes
configure:4834: checking for BSD- or MS-compatible name lister (nm)
configure:4883: result: /usr/bin/nm -B
configure:5013: checking the name lister (/usr/bin/nm -B) interface
configure:5020: gcc -c -g -O2  conftest.c >&5
configure:5023: /usr/bin/nm -B "conftest.o"
configure:5026: output
00000000 B some_variable
configure:5033: result: BSD nm
configure:5036: checking whether ln -s works
configure:5040: result: yes
configure:5048: checking the maximum length of command line arguments
configure:5179: result: 1572864
configure:5196: checking whether the shell understands some XSI constructs
configure:5206: result: yes
configure:5210: checking whether the shell understands "+="
configure:5216: result: yes
configure:5251: checking how to convert i686-pc-linux-gnu file names to i686-pc-linux-gnu format
configure:5291: result: func_convert_file_noop
configure:5298: checking how to convert i686-pc-linux-gnu file names to toolchain format
configure:5318: result: func_convert_file_noop
configure:5325: checking for /usr/bin/ld option to reload object files
configure:5332: result: -r
configure:5406: checking for objdump
configure:5422: found /usr/bin/objdump
configure:5433: result: objdump
configure:5465: checking how to recognize dependent libraries
configure:5663: result: pass_all
configure:5748: checking for dlltool
configure:5778: result: no
configure:5808: checking how to associate runtime and link libraries
configure:5835: result: printf %s\n
configure:5896: checking for ar
configure:5912: found /usr/bin/ar
configure:5923: result: ar
configure:5960: checking for archiver @FILE support
configure:5977: gcc -c -g -O2  conftest.c >&5
configure:5977: $? = 0
configure:5980: ar cru libconftest.a @conftest.lst >&5
configure:5983: $? = 0
configure:5988: ar cru libconftest.a @conftest.lst >&5
ar: conftest.o: No such file or directory
configure:5991: $? = 1
configure:6003: result: @
configure:6061: checking for strip
configure:6077: found /usr/bin/strip
configure:6088: result: strip
configure:6160: checking for ranlib
configure:6176: found /usr/bin/ranlib
configure:6187: result: ranlib
configure:6289: checking command to parse /usr/bin/nm -B output from gcc object
configure:6409: gcc -c -g -O2  conftest.c >&5
configure:6412: $? = 0
configure:6416: /usr/bin/nm -B conftest.o \| sed -n -e 's/^.*[ ]\([ABCDGIRSTW][ABCDGIRSTW]*\)[ ][ ]*\([_A-Za-z][_A-Za-z0-9]*\)$/\1 \2 \2/p' | sed '/ __gnu_lto/d' \> conftest.nm
configure:6419: $? = 0
configure:6485: gcc -o conftest -g -O2   conftest.c conftstm.o >&5
configure:6488: $? = 0
configure:6526: result: ok
configure:6563: checking for sysroot
configure:6593: result: no
configure:6862: checking for mt
configure:6878: found /bin/mt
configure:6889: result: mt
configure:6912: checking if mt is a manifest tool
configure:6918: mt '-?'
configure:6926: result: no
configure:7568: checking how to run the C preprocessor
configure:7599: gcc -E  conftest.c
configure:7599: $? = 0
configure:7613: gcc -E  conftest.c
conftest.c:10:28: fatal error: ac_nonexistent.h: No such file or directory
 #include <ac_nonexistent.h>
                            ^
compilation terminated.
configure:7613: $? = 1
configure: failed program was:
| /* confdefs.h */
| #define PACKAGE_NAME ""
| #define PACKAGE_TARNAME ""
| #define PACKAGE_VERSION ""
| #define PACKAGE_STRING ""
| #define PACKAGE_BUGREPORT ""
| #define PACKAGE_URL ""
| #define FUSIONSOUND_VERSION "1.6.3"
| /* end confdefs.h.  */
| #include <ac_nonexistent.h>
configure:7638: result: gcc -E
configure:7658: gcc -E  conftest.c
configure:7658: $? = 0
configure:7672: gcc -E  conftest.c
conftest.c:10:28: fatal error: ac_nonexistent.h: No such file or directory
 #include <ac_nonexistent.h>
                            ^
compilation terminated.
configure:7672: $? = 1
configure: failed program was:
| /* confdefs.h */
| #define PACKAGE_NAME ""
| #define PACKAGE_TARNAME ""
| #define PACKAGE_VERSION ""
| #define PACKAGE_STRING ""
| #define PACKAGE_BUGREPORT ""
| #define PACKAGE_URL ""
| #define FUSIONSOUND_VERSION "1.6.3"
| /* end confdefs.h.  */
| #include <ac_nonexistent.h>
configure:7701: checking for ANSI C header files
configure:7721: gcc -c -g -O2  conftest.c >&5
configure:7721: $? = 0
configure:7794: gcc -o conftest -g -O2   conftest.c  >&5
configure:7794: $? = 0
configure:7794: ./conftest
configure:7794: $? = 0
configure:7805: result: yes
configure:7818: checking for sys/types.h
configure:7818: gcc -c -g -O2  conftest.c >&5
configure:7818: $? = 0
configure:7818: result: yes
configure:7818: checking for sys/stat.h
configure:7818: gcc -c -g -O2  conftest.c >&5
configure:7818: $? = 0
configure:7818: result: yes
configure:7818: checking for stdlib.h
configure:7818: gcc -c -g -O2  conftest.c >&5
configure:7818: $? = 0
configure:7818: result: yes
configure:7818: checking for string.h
configure:7818: gcc -c -g -O2  conftest.c >&5
configure:7818: $? = 0
configure:7818: result: yes
configure:7818: checking for memory.h
configure:7818: gcc -c -g -O2  conftest.c >&5
configure:7818: $? = 0
configure:7818: result: yes
configure:7818: checking for strings.h
configure:7818: gcc -c -g -O2  conftest.c >&5
configure:7818: $? = 0
configure:7818: result: yes
configure:7818: checking for inttypes.h
configure:7818: gcc -c -g -O2  conftest.c >&5
configure:7818: $? = 0
configure:7818: result: yes
configure:7818: checking for stdint.h
configure:7818: gcc -c -g -O2  conftest.c >&5
configure:7818: $? = 0
configure:7818: result: yes
configure:7818: checking for unistd.h
configure:7818: gcc -c -g -O2  conftest.c >&5
configure:7818: $? = 0
configure:7818: result: yes
configure:7832: checking for dlfcn.h
configure:7832: gcc -c -g -O2  conftest.c >&5
configure:7832: $? = 0
configure:7832: result: yes
configure:8008: checking for objdir
configure:8023: result: .libs
configure:8290: checking if gcc supports -fno-rtti -fno-exceptions
configure:8308: gcc -c -g -O2  -fno-rtti -fno-exceptions conftest.c >&5
cc1: warning: command line option '-fno-rtti' is valid for C++/ObjC++ but not for C [enabled by default]
configure:8312: $? = 0
configure:8325: result: no
configure:8652: checking for gcc option to produce PIC
configure:8659: result: -fPIC -DPIC
configure:8667: checking if gcc PIC flag -fPIC -DPIC works
configure:8685: gcc -c -g -O2  -fPIC -DPIC -DPIC conftest.c >&5
configure:8689: $? = 0
configure:8702: result: yes
configure:8731: checking if gcc static flag -static works
configure:8759: result: yes
configure:8774: checking if gcc supports -c -o file.o
configure:8795: gcc -c -g -O2  -o out/conftest2.o conftest.c >&5
configure:8799: $? = 0
configure:8821: result: yes
configure:8829: checking if gcc supports -c -o file.o
configure:8876: result: yes
configure:8909: checking whether the gcc linker (/usr/bin/ld) supports shared libraries
configure:10066: result: yes
configure:10103: checking whether -lc should be explicitly linked in
configure:10111: gcc -c -g -O2  conftest.c >&5
configure:10114: $? = 0
configure:10129: gcc -shared  -fPIC -DPIC conftest.o  -v -Wl,-soname -Wl,conftest -o conftest 2\>\&1 \| /bin/grep  -lc  \>/dev/null 2\>\&1
configure:10132: $? = 0
configure:10146: result: no
configure:10306: checking dynamic linker characteristics
configure:10806: gcc -o conftest -g -O2   -Wl,-rpath -Wl,/foo conftest.c  >&5
configure:10806: $? = 0
configure:11040: result: GNU/Linux ld.so
configure:11147: checking how to hardcode library paths into programs
configure:11172: result: immediate
configure:11712: checking whether stripping libraries is possible
configure:11717: result: yes
configure:11752: checking if libtool supports shared libraries
configure:11754: result: yes
configure:11757: checking whether to build shared libraries
configure:11778: result: yes
configure:11781: checking whether to build static libraries
configure:11785: result: no
configure:11822: checking whether build environment is sane
configure:11877: result: yes
configure:11889: checking for library containing strerror
configure:11920: gcc -o conftest -g -O2   conftest.c  >&5
configure:11920: $? = 0
configure:11937: result: none required
configure:11993: checking for gcc
configure:12020: result: gcc
configure:12249: checking for C compiler version
configure:12258: gcc --version >&5
gcc (Ubuntu 4.8.2-19ubuntu1) 4.8.2
Copyright (C) 2013 Free Software Foundation, Inc.
This is free software; see the source for copying conditions.  There is NO
warranty; not even for MERCHANTABILITY or FITNESS FOR A PARTICULAR PURPOSE.

configure:12269: $? = 0
configure:12258: gcc -v >&5
Using built-in specs.
COLLECT_GCC=gcc
COLLECT_LTO_WRAPPER=/usr/lib/gcc/i686-linux-gnu/4.8/lto-wrapper
Target: i686-linux-gnu
Configured with: ../src/configure -v --with-pkgversion='Ubuntu 4.8.2-19ubuntu1' --with-bugurl=file:///usr/share/doc/gcc-4.8/README.Bugs --enable-languages=c,c++,java,go,d,fortran,objc,obj-c++ --prefix=/usr --program-suffix=-4.8 --enable-shared --enable-linker-build-id --libexecdir=/usr/lib --without-included-gettext --enable-threads=posix --with-gxx-include-dir=/usr/include/c++/4.8 --libdir=/usr/lib --enable-nls --with-sysroot=/ --enable-clocale=gnu --enable-libstdcxx-debug --enable-libstdcxx-time=yes --enable-gnu-unique-object --disable-libmudflap --enable-plugin --with-system-zlib --disable-browser-plugin --enable-java-awt=gtk --enable-gtk-cairo --with-java-home=/usr/lib/jvm/java-1.5.0-gcj-4.8-i386/jre --enable-java-home --with-jvm-root-dir=/usr/lib/jvm/java-1.5.0-gcj-4.8-i386 --with-jvm-jar-dir=/usr/lib/jvm-exports/java-1.5.0-gcj-4.8-i386 --with-arch-directory=i386 --with-ecj-jar=/usr/share/java/eclipse-ecj.jar --enable-objc-gc --enable-targets=all --enable-multiarch --disable-werror --with-arch-32=i686 --with-multilib-list=m32,m64,mx32 --with-tune=generic --enable-checking=release --build=i686-linux-gnu --host=i686-linux-gnu --target=i686-linux-gnu
Thread model: posix
gcc version 4.8.2 (Ubuntu 4.8.2-19ubuntu1) 
configure:12269: $? = 0
configure:12258: gcc -V >&5
gcc: error: unrecognized command line option '-V'
gcc: fatal error: no input files
compilation terminated.
configure:12269: $? = 4
configure:12258: gcc -qversion >&5
gcc: error: unrecognized command line option '-qversion'
gcc: fatal error: no input files
compilation terminated.
configure:12269: $? = 4
configure:12273: checking whether we are using the GNU C compiler
configure:12301: result: yes
configure:12310: checking whether gcc accepts -g
configure:12371: result: yes
configure:12388: checking for gcc option to accept ISO C89
configure:12464: result: none needed
configure:12489: checking whether gcc understands -c and -o together
configure:12526: result: yes
configure:12545: checking dependency style of gcc
configure:12656: result: gcc3
configure:12674: checking whether make sets $(MAKE)
configure:12696: result: yes
configure:12705: checking for ANSI C header files
configure:12809: result: yes
configure:12817: checking whether byte ordering is bigendian
configure:12832: gcc -c -g -O2  conftest.c >&5
conftest.c:24:9: error: unknown type name 'not'
         not a universal capable compiler
         ^
conftest.c:24:15: error: expected '=', ',', ';', 'asm' or '__attribute__' before 'universal'
         not a universal capable compiler
               ^
conftest.c:24:15: error: unknown type name 'universal'
configure:12832: $? = 1
configure: failed program was:
| /* confdefs.h */
| #define PACKAGE_NAME ""
| #define PACKAGE_TARNAME ""
| #define PACKAGE_VERSION ""
| #define PACKAGE_STRING ""
| #define PACKAGE_BUGREPORT ""
| #define PACKAGE_URL ""
| #define FUSIONSOUND_VERSION "1.6.3"
| #define STDC_HEADERS 1
| #define HAVE_SYS_TYPES_H 1
| #define HAVE_SYS_STAT_H 1
| #define HAVE_STDLIB_H 1
| #define HAVE_STRING_H 1
| #define HAVE_MEMORY_H 1
| #define HAVE_STRINGS_H 1
| #define HAVE_INTTYPES_H 1
| #define HAVE_STDINT_H 1
| #define HAVE_UNISTD_H 1
| #define HAVE_DLFCN_H 1
| #define LT_OBJDIR ".libs/"
| #define STDC_HEADERS 1
| /* end confdefs.h.  */
| #ifndef __APPLE_CC__
| 	       not a universal capable compiler
| 	     #endif
| 	     typedef int dummy;
| 
configure:12877: gcc -c -g -O2  conftest.c >&5
configure:12877: $? = 0
configure:12895: gcc -c -g -O2  conftest.c >&5
conftest.c: In function 'main':
conftest.c:30:4: error: unknown type name 'not'
    not big endian
    ^
conftest.c:30:12: error: expected '=', ',', ';', 'asm' or '__attribute__' before 'endian'
    not big endian
            ^
configure:12895: $? = 1
configure: failed program was:
| /* confdefs.h */
| #define PACKAGE_NAME ""
| #define PACKAGE_TARNAME ""
| #define PACKAGE_VERSION ""
| #define PACKAGE_STRING ""
| #define PACKAGE_BUGREPORT ""
| #define PACKAGE_URL ""
| #define FUSIONSOUND_VERSION "1.6.3"
| #define STDC_HEADERS 1
| #define HAVE_SYS_TYPES_H 1
| #define HAVE_SYS_STAT_H 1
| #define HAVE_STDLIB_H 1
| #define HAVE_STRING_H 1
| #define HAVE_MEMORY_H 1
| #define HAVE_STRINGS_H 1
| #define HAVE_INTTYPES_H 1
| #define HAVE_STDINT_H 1
| #define HAVE_UNISTD_H 1
| #define HAVE_DLFCN_H 1
| #define LT_OBJDIR ".libs/"
| #define STDC_HEADERS 1
| /* end confdefs.h.  */
| #include <sys/types.h>
| 		#include <sys/param.h>
| 
| int
| main ()
| {
| #if BYTE_ORDER != BIG_ENDIAN
| 		 not big endian
| 		#endif
| 
|   ;
|   return 0;
| }
configure:13023: result: no
configure:13046: checking how to run the C preprocessor
configure:13116: result: gcc -E
configure:13136: gcc -E  conftest.c
configure:13136: $? = 0
configure:13150: gcc -E  conftest.c
conftest.c:23:28: fatal error: ac_nonexistent.h: No such file or directory
 #include <ac_nonexistent.h>
                            ^
compilation terminated.
configure:13150: $? = 1
configure: failed program was:
| /* confdefs.h */
| #define PACKAGE_NAME ""
| #define PACKAGE_TARNAME ""
| #define PACKAGE_VERSION ""
| #define PACKAGE_STRING ""
| #define PACKAGE_BUGREPORT ""
| #define PACKAGE_URL ""
| #define FUSIONSOUND_VERSION "1.6.3"
| #define STDC_HEADERS 1
| #define HAVE_SYS_TYPES_H 1
| #define HAVE_SYS_STAT_H 1
| #define HAVE_STDLIB_H 1
| #define HAVE_STRING_H 1
| #define HAVE_MEMORY_H 1
| #define HAVE_STRINGS_H 1
| #define HAVE_INTTYPES_H 1
| #define HAVE_STDINT_H 1
| #define HAVE_UNISTD_H 1
| #define HAVE_DLFCN_H 1
| #define LT_OBJDIR ".libs/"
| #define STDC_HEADERS 1
| /* end confdefs.h.  */
| #include <ac_nonexistent.h>
configure:13183: checking size of long
configure:13188: gcc -o conftest -g -O2   conftest.c  >&5
configure:13188: $? = 0
configure:13188: ./conftest
configure:13188: $? = 0
configure:13202: result: 4
configure:13215: checking stdbool.h usability
configure:13215: gcc -c -g -O2  conftest.c >&5
configure:13215: $? = 0
configure:13215: result: yes
configure:13215: checking stdbool.h presence
configure:13215: gcc -E  conftest.c
configure:13215: $? = 0
configure:13215: result: yes
configure:13215: checking for stdbool.h
configure:13215: result: yes
configure:13287: checking for pthread_mutex_timedlock in -lpthread
configure:13312: gcc -o conftest -O3 -ffast-math -pipe  -D_GNU_SOURCE   conftest.c -lpthread   >&5
configure:13312: $? = 0
configure:13321: result: yes
configure:13454: checking for pkg-config
configure:13472: found /usr/bin/pkg-config
configure:13485: result: /usr/bin/pkg-config
configure:13615: checking pkg-config is at least version 0.9.0
configure:13618: result: yes
configure:13628: checking for FUSION
configure:13635: $PKG_CONFIG --exists --print-errors "directfb-internal >= $DIRECTFB_REQUIRED_VERSION"
configure:13638: $? = 0
configure:13652: $PKG_CONFIG --exists --print-errors "directfb-internal >= $DIRECTFB_REQUIRED_VERSION"
configure:13655: $? = 0
configure:13697: result: yes
configure:13726: checking for LiTE
configure:13737: WARNING:
*** LiTE 0.8.9 or newer is required for some examples, they've been disabled now. 
configure:13766: checking for libvoodoo
configure:13775: WARNING:
*** Voodoo 1.1.0 or newer not found, disabling dependent parts. 
configure:13802: checking which drivers should be built
configure:13839: result: all
configure:13843: checking sys/soundcard.h usability
configure:13843: gcc -c -Wall -O3 -ffast-math -pipe  -D_GNU_SOURCE  conftest.c >&5
configure:13843: $? = 0
configure:13843: result: yes
configure:13843: checking sys/soundcard.h presence
configure:13843: gcc -E -D_GNU_SOURCE  conftest.c
configure:13843: $? = 0
configure:13843: result: yes
configure:13843: checking for sys/soundcard.h
configure:13843: result: yes
configure:13856: checking for alsa >= 0.9
configure:13865: result: no
configure:13959: checking for libtimidity >= 0.1.0
configure:13968: result: no
configure:13971: WARNING:
*** libtimidity is required - Timidity music provider will not be built.
configure:14096: checking for vorbisfile >= 1.0.0
configure:14106: result: no
configure:14109: WARNING:
*** vorbisfile 1.0.0 or newer is required - Ogg/Vorbis music provider will not be built.
configure:14142: checking for mad_timer_add in -lmad
configure:14167: gcc -o conftest -Wall -O3 -ffast-math -pipe  -D_GNU_SOURCE   conftest.c -lmad   >&5
/usr/bin/ld: cannot find -lmad
collect2: error: ld returned 1 exit status
configure:14167: $? = 1
configure: failed program was:
| /* confdefs.h */
| #define PACKAGE_NAME ""
| #define PACKAGE_TARNAME ""
| #define PACKAGE_VERSION ""
| #define PACKAGE_STRING ""
| #define PACKAGE_BUGREPORT ""
| #define PACKAGE_URL ""
| #define FUSIONSOUND_VERSION "1.6.3"
| #define STDC_HEADERS 1
| #define HAVE_SYS_TYPES_H 1
| #define HAVE_SYS_STAT_H 1
| #define HAVE_STDLIB_H 1
| #define HAVE_STRING_H 1
| #define HAVE_MEMORY_H 1
| #define HAVE_STRINGS_H 1
| #define HAVE_INTTYPES_H 1
| #define HAVE_STDINT_H 1
| #define HAVE_UNISTD_H 1
| #define HAVE_DLFCN_H 1
| #define LT_OBJDIR ".libs/"
| #define STDC_HEADERS 1
| #define SIZEOF_LONG 4
| #define HAVE_STDBOOL_H 1
| #define ARCH_X86 1
| #define HAVE_PTHREAD_MUTEX_TIMEDLOCK 1
| #define FS_ENABLE_PRECISION 1
| #define FS_ENABLE_LINEAR_FILTER 1
| /* end confdefs.h.  */
| 
| /* Override any GCC internal prototype to avoid an error.
|    Use char because int might match the return type of a GCC
|    builtin and then its argument prototype would still apply.  */
| #ifdef __cplusplus
| extern "C"
| #endif
| char mad_timer_add ();
| int
| main ()
| {
| return mad_timer_add ();
|   ;
|   return 0;
| }
configure:14176: result: no
configure:14203: WARNING:
*** MAD library not found - MAD music provider will not be built.
configure:14243: WARNING:
*** libcddb 1.0.0 or newer not found - CD-DA Music Provider will be built without CDDB support.
configure:14275: checking for libavcodec/libavformat
configure:14284: result: no
configure:14287: WARNING:
*** libavcodec/libavformat are required - FFmpeg music provider will not be built.
configure:14496: checking that generated files are newer than configure
configure:14502: result: done
configure:14524: checking that generated files are newer than configure
configure:14530: result: done
configure:14606: creating ./config.status

## ---------------------- ##
## Running config.status. ##
## ---------------------- ##

This file was extended by config.status, which was
generated by GNU Autoconf 2.69.  Invocation command line was

  CONFIG_FILES    = 
  CONFIG_HEADERS  = 
  CONFIG_LINKS    = 
  CONFIG_COMMANDS = 
  $ ./config.status 

on nayeem-desktop

config.status:1179: creating fusionsound.pc
config.status:1179: creating fusionsound-internal.pc
config.status:1179: creating Makefile
config.status:1179: creating docs/Makefile
config.status:1179: creating docs/fusionsoundrc.5
config.status:1179: creating docs/html/Makefile
config.status:1179: creating drivers/Makefile
config.status:1179: creating examples/Makefile
config.status:1179: creating include/Makefile
config.status:1179: creating include/fusionsound_limits.h
config.status:1179: creating include/fusionsound_version.h
config.status:1179: creating interfaces/Makefile
config.status:1179: creating interfaces/IFusionSound/Makefile
config.status:1179: creating interfaces/IFusionSoundMusicProvider/Makefile
config.status:1179: creating proxy/Makefile
config.status:1179: creating proxy/compressor/Makefile
config.status:1179: creating proxy/dispatcher/Makefile
config.status:1179: creating proxy/requestor/Makefile
config.status:1179: creating src/Makefile
config.status:1179: creating src/core/Makefile
config.status:1179: creating src/media/Makefile
config.status:1179: creating src/misc/Makefile
config.status:1179: creating tools/Makefile
config.status:1179: creating config.h
config.status:1360: config.h is unchanged
config.status:1408: executing depfiles commands
config.status:1408: executing libtool commands
configure:16889: result:
Build options:
  Version                   1.6.3
  Install prefix            /usr/local
  Config files in           /usr/local/etc
  Build shared libs         yes
  Build static libs         no
  Build Module              yes
  Build Voodoo Sound        no
  Build Examples            yes
  Build Tools               yes
  Module directory          ${exec_prefix}/lib/directfb-1.7-1
  CPPFLAGS                  -D_GNU_SOURCE 
  CFLAGS                    -Wall -O3 -ffast-math -pipe  -Werror-implicit-function-declaration
  FUSION_CFLAGS             -D_GNU_SOURCE -D_REENTRANT -I/usr/local/include/directfb-internal -I/usr/local/include/directfb  
  FUSION_LIBS               -L/usr/local/lib -ldirectfb -lfusion -ldirect -lpthread  

Misc options:
  IEEE floats:              no
  Precision:                yes
  Linear filter:            yes
  Multichannel:             yes

Building Drivers:
  OSS                       yes
  ALSA                      no
  WAVE                      yes

Building Music Providers:
  Timidity                  
  Wave                      yes
  Ogg/Vorbis                no
  MAD                       no
  CD-DA                     yes
  FFmpeg                    no
  Playlist                  yes


## ---------------- ##
## Cache variables. ##
## ---------------- ##

ac_cv_build=i686-pc-linux-gnu
ac_cv_c_bigendian=no
ac_cv_c_compiler_gnu=yes
ac_cv_env_CC_set=
ac_cv_env_CC_value=
ac_cv_env_CFLAGS_set=
ac_cv_env_CFLAGS_value=
ac_cv_env_CPPFLAGS_set=
ac_cv_env_CPPFLAGS_value=
ac_cv_env_CPP_set=
ac_cv_env_CPP_value=
ac_cv_env_FUSION_CFLAGS_set=
ac_cv_env_FUSION_CFLAGS_value=
ac_cv_env_FUSION_LIBS_set=
ac_cv_env_FUSION_LIBS_value=
ac_cv_env_LDFLAGS_set=
ac_cv_env_LDFLAGS_value=
ac_cv_env_LIBS_set=
ac_cv_env_LIBS_value=
ac_cv_env_PKG_CONFIG_LIBDIR_set=
ac_cv_env_PKG_CONFIG_LIBDIR_value=
ac_cv_env_PKG_CONFIG_PATH_set=
ac_cv_env_PKG_CONFIG_PATH_value=
ac_cv_env_PKG_CONFIG_set=
ac_cv_env_PKG_CONFIG_value=
ac_cv_env_build_alias_set=
ac_cv_env_build_alias_value=
ac_cv_env_host_alias_set=
ac_cv_env_host_alias_value=
ac_cv_env_target_alias_set=
ac_cv_env_target_alias_value=
ac_cv_header_dlfcn_h=yes
ac_cv_header_inttypes_h=yes
ac_cv_header_memory_h=yes
ac_cv_header_stdbool_h=yes
ac_cv_header_stdc=yes
ac_cv_header_stdint_h=yes
ac_cv_header_stdlib_h=yes
ac_cv_header_string_h=yes
ac_cv_header_strings_h=yes
ac_cv_header_sys_soundcard_h=yes
ac_cv_header_sys_stat_h=yes
ac_cv_header_sys_types_h=yes
ac_cv_header_unistd_h=yes
ac_cv_host=i686-pc-linux-gnu
ac_cv_lib_mad_mad_timer_add=no
ac_cv_lib_pthread_pthread_mutex_timedlock=yes
ac_cv_objext=o
ac_cv_path_EGREP='/bin/grep -E'
ac_cv_path_FGREP='/bin/grep -F'
ac_cv_path_GREP=/bin/grep
ac_cv_path_PKG_CONFIG=/usr/bin/pkg-config
ac_cv_path_SED=/bin/sed
ac_cv_path_install='/usr/bin/install -c'
ac_cv_path_mkdir=/bin/mkdir
ac_cv_prog_AWK=gawk
ac_cv_prog_CPP='gcc -E'
ac_cv_prog_ac_ct_AR=ar
ac_cv_prog_ac_ct_CC=gcc
ac_cv_prog_ac_ct_MANIFEST_TOOL=mt
ac_cv_prog_ac_ct_OBJDUMP=objdump
ac_cv_prog_ac_ct_RANLIB=ranlib
ac_cv_prog_ac_ct_STRIP=strip
ac_cv_prog_cc_c89=
ac_cv_prog_cc_g=yes
ac_cv_prog_make_make_set=yes
ac_cv_search_strerror='none required'
ac_cv_sizeof_long=4
am_cv_CC_dependencies_compiler_type=gcc3
am_cv_make_support_nested_variables=yes
am_cv_prog_cc_c_o=yes
am_cv_prog_cc_stdc=
lt_cv_ar_at_file=@
lt_cv_archive_cmds_need_lc=no
lt_cv_deplibs_check_method=pass_all
lt_cv_file_magic_cmd='$MAGIC_CMD'
lt_cv_file_magic_test_file=
lt_cv_ld_reload_flag=-r
lt_cv_nm_interface='BSD nm'
lt_cv_objdir=.libs
lt_cv_path_LD=/usr/bin/ld
lt_cv_path_NM='/usr/bin/nm -B'
lt_cv_path_mainfest_tool=no
lt_cv_prog_compiler_c_o=yes
lt_cv_prog_compiler_pic='-fPIC -DPIC'
lt_cv_prog_compiler_pic_works=yes
lt_cv_prog_compiler_rtti_exceptions=no
lt_cv_prog_compiler_static_works=yes
lt_cv_prog_gnu_ld=yes
lt_cv_sharedlib_from_linklib_cmd='printf %s\n'
lt_cv_shlibpath_overrides_runpath=no
lt_cv_sys_global_symbol_pipe='sed -n -e '\''s/^.*[	 ]\([ABCDGIRSTW][ABCDGIRSTW]*\)[	 ][	 ]*\([_A-Za-z][_A-Za-z0-9]*\)$/\1 \2 \2/p'\'' | sed '\''/ __gnu_lto/d'\'''
lt_cv_sys_global_symbol_to_c_name_address='sed -n -e '\''s/^: \([^ ]*\)[ ]*$/  {\"\1\", (void *) 0},/p'\'' -e '\''s/^[ABCDGIRSTW]* \([^ ]*\) \([^ ]*\)$/  {"\2", (void *) \&\2},/p'\'''
lt_cv_sys_global_symbol_to_c_name_address_lib_prefix='sed -n -e '\''s/^: \([^ ]*\)[ ]*$/  {\"\1\", (void *) 0},/p'\'' -e '\''s/^[ABCDGIRSTW]* \([^ ]*\) \(lib[^ ]*\)$/  {"\2", (void *) \&\2},/p'\'' -e '\''s/^[ABCDGIRSTW]* \([^ ]*\) \([^ ]*\)$/  {"lib\2", (void *) \&\2},/p'\'''
lt_cv_sys_global_symbol_to_cdecl='sed -n -e '\''s/^T .* \(.*\)$/extern int \1();/p'\'' -e '\''s/^[ABCDGIRSTW]* .* \(.*\)$/extern char \1;/p'\'''
lt_cv_sys_max_cmd_len=1572864
lt_cv_to_host_file_cmd=func_convert_file_noop
lt_cv_to_tool_file_cmd=func_convert_file_noop
pkg_cv_FUSION_CFLAGS='-D_GNU_SOURCE -D_REENTRANT -I/usr/local/include/directfb-internal -I/usr/local/include/directfb  '
pkg_cv_FUSION_LIBS='-L/usr/local/lib -ldirectfb -lfusion -ldirect -lpthread  '

## ----------------- ##
## Output variables. ##
## ----------------- ##

ACLOCAL='aclocal-1.14 '
ALSA_CFLAGS=''
ALSA_LIBS=''
AMDEPBACKSLASH='\'
AMDEP_FALSE='#'
AMDEP_TRUE=''
AMTAR='$${TAR-tar}'
AM_BACKSLASH='\'
AM_DEFAULT_V='$(AM_DEFAULT_VERBOSITY)'
AM_DEFAULT_VERBOSITY='1'
AM_V='$(V)'
AR='ar'
AUTOCONF='autoconf'
AUTOHEADER='autoheader'
AUTOMAKE='automake-1.14'
AWK='gawk'
BUILD_ALSA_FALSE=''
BUILD_ALSA_TRUE='#'
BUILD_CDDA_FALSE='#'
BUILD_CDDA_TRUE=''
BUILD_EXAMPLES_FALSE='#'
BUILD_EXAMPLES_TRUE=''
BUILD_FFMPEG_FALSE=''
BUILD_FFMPEG_TRUE='#'
BUILD_MAD_FALSE=''
BUILD_MAD_TRUE='#'
BUILD_MODULE_FALSE='#'
BUILD_MODULE_TRUE=''
BUILD_OSS_FALSE='#'
BUILD_OSS_TRUE=''
BUILD_PLAYLIST_FALSE='#'
BUILD_PLAYLIST_TRUE=''
BUILD_PROXY_FALSE=''
BUILD_PROXY_TRUE='#'
BUILD_STATIC_FALSE=''
BUILD_STATIC_TRUE='#'
BUILD_TIMIDITY_FALSE=''
BUILD_TIMIDITY_TRUE='#'
BUILD_TOOLS_FALSE='#'
BUILD_TOOLS_TRUE=''
BUILD_VORBIS_FALSE=''
BUILD_VORBIS_TRUE='#'
BUILD_WAVE_FALSE='#'
BUILD_WAVE_TRUE=''
CC='gcc'
CCDEPMODE='depmode=gcc3'
CDDB_CFLAGS=''
CDDB_LIBS=''
CFLAGS='-Wall -O3 -ffast-math -pipe  -Werror-implicit-function-declaration'
CPP='gcc -E'
CPPFLAGS='-D_GNU_SOURCE '
CYGPATH_W='echo'
DATADIR='${datarootdir}/fusionsound'
DEFS='-DHAVE_CONFIG_H'
DEPDIR='.deps'
DIRECT_CFLAGS=''
DIRECT_LIBS=''
DLLTOOL='false'
DSYMUTIL=''
DUMPBIN=''
ECHO_C=''
ECHO_N='-n'
ECHO_T=''
EGREP='/bin/grep -E'
EXEEXT=''
FFMPEG_CFLAGS=''
FFMPEG_LIBS=''
FGREP='/bin/grep -F'
FS_MAX_CHANNELS='6'
FUSIONSOUND_BINARY_AGE='1'
FUSIONSOUND_INTERFACE_AGE='1'
FUSIONSOUND_MAJOR_VERSION='1'
FUSIONSOUND_MICRO_VERSION='3'
FUSIONSOUND_MINOR_VERSION='6'
FUSIONSOUND_VERSION='1.6.3'
FUSION_CFLAGS='-D_GNU_SOURCE -D_REENTRANT -I/usr/local/include/directfb-internal -I/usr/local/include/directfb  '
FUSION_LIBS='-L/usr/local/lib -ldirectfb -lfusion -ldirect -lpthread  '
GREP='/bin/grep'
HAVE_LITE_FALSE=''
HAVE_LITE_TRUE='#'
INCLUDEDIR='${prefix}/include/fusionsound'
INSTALL_DATA='${INSTALL} -m 644'
INSTALL_PROGRAM='${INSTALL}'
INSTALL_SCRIPT='${INSTALL}'
INSTALL_STRIP_PROGRAM='$(install_sh) -c -s'
INTERNALINCLUDEDIR='${prefix}/include/fusionsound-internal'
LD='/usr/bin/ld'
LDFLAGS=''
LIBOBJS=''
LIBS=''
LIBTOOL='$(SHELL) $(top_builddir)/libtool'
LIPO=''
LITE_CFLAGS=''
LITE_LIBS=''
LN_S='ln -s'
LTLIBOBJS=''
LT_AGE='0'
LT_CURRENT='2'
LT_RELEASE='1.6'
LT_REVISION='1'
MAD_LIBS=''
MAINT=''
MAINTAINER_MODE_FALSE='#'
MAINTAINER_MODE_TRUE=''
MAKEINFO='makeinfo'
MANIFEST_TOOL=':'
MKDIR_P='/bin/mkdir -p'
MODULEDIR='${exec_prefix}/lib/directfb-1.7-1'
NM='/usr/bin/nm -B'
NMEDIT=''
OBJDUMP='objdump'
OBJEXT='o'
OTOOL64=''
OTOOL=''
PACKAGE='FusionSound'
PACKAGE_BUGREPORT=''
PACKAGE_NAME=''
PACKAGE_STRING=''
PACKAGE_TARNAME=''
PACKAGE_URL=''
PACKAGE_VERSION=''
PATH_SEPARATOR=':'
PKG_CONFIG='/usr/bin/pkg-config'
PKG_CONFIG_LIBDIR=''
PKG_CONFIG_PATH=''
RANLIB='ranlib'
SED='/bin/sed'
SET_MAKE=''
SHELL='/bin/bash'
STRIP='strip'
SYSCONFDIR='/usr/local/etc'
TIMIDITY_CFLAGS=''
TIMIDITY_LIBS=''
VERSION='1.6.3'
VOODOO_CFLAGS=''
VOODOO_LIBS=''
VORBISFILE_CFLAGS=''
VORBISFILE_LIBS=''
ac_ct_AR='ar'
ac_ct_CC='gcc'
ac_ct_DUMPBIN=''
am__EXEEXT_FALSE=''
am__EXEEXT_TRUE='#'
am__fastdepCC_FALSE='#'
am__fastdepCC_TRUE=''
am__include='include'
am__isrc=''
am__leading_dot='.'
am__nodep='_no'
am__quote=''
am__tar='$${TAR-tar} chof - "$$tardir"'
am__untar='$${TAR-tar} xf -'
bindir='${exec_prefix}/bin'
build='i686-pc-linux-gnu'
build_alias=''
build_cpu='i686'
build_os='linux-gnu'
build_vendor='pc'
datadir='${datarootdir}'
datarootdir='${prefix}/share'
docdir='${datarootdir}/doc/${PACKAGE}'
dvidir='${docdir}'
exec_prefix='${prefix}'
host='i686-pc-linux-gnu'
host_alias=''
host_cpu='i686'
host_os='linux-gnu'
host_vendor='pc'
htmldir='${docdir}'
includedir='${prefix}/include'
infodir='${datarootdir}/info'
install_sh='${SHELL} /home/nayeem/Desktop/DirectFB/FusionSound-1.6.3/install-sh'
libdir='${exec_prefix}/lib'
libexecdir='${exec_prefix}/libexec'
localedir='${datarootdir}/locale'
localstatedir='${prefix}/var'
mandir='${datarootdir}/man'
mkdir_p='$(MKDIR_P)'
oldincludedir='/usr/include'
pdfdir='${docdir}'
prefix='/usr/local'
program_transform_name='s,x,x,'
psdir='${docdir}'
sbindir='${exec_prefix}/sbin'
sharedstatedir='${prefix}/com'
sysconfdir='${prefix}/etc'
target_alias=''

## ----------- ##
## confdefs.h. ##
## ----------- ##

/* confdefs.h */
#define PACKAGE_NAME ""
#define PACKAGE_TARNAME ""
#define PACKAGE_VERSION ""
#define PACKAGE_STRING ""
#define PACKAGE_BUGREPORT ""
#define PACKAGE_URL ""
#define FUSIONSOUND_VERSION "1.6.3"
#define STDC_HEADERS 1
#define HAVE_SYS_TYPES_H 1
#define HAVE_SYS_STAT_H 1
#define HAVE_STDLIB_H 1
#define HAVE_STRING_H 1
#define HAVE_MEMORY_H 1
#define HAVE_STRINGS_H 1
#define HAVE_INTTYPES_H 1
#define HAVE_STDINT_H 1
#define HAVE_UNISTD_H 1
#define HAVE_DLFCN_H 1
#define LT_OBJDIR ".libs/"
#define STDC_HEADERS 1
#define SIZEOF_LONG 4
#define HAVE_STDBOOL_H 1
#define ARCH_X86 1
#define HAVE_PTHREAD_MUTEX_TIMEDLOCK 1
#define FS_ENABLE_PRECISION 1
#define FS_ENABLE_LINEAR_FILTER 1

configure: exit 0

## ---------------------- ##
## Running config.status. ##
## ---------------------- ##

This file was extended by config.status, which was
generated by GNU Autoconf 2.69.  Invocation command line was

  CONFIG_FILES    = 
  CONFIG_HEADERS  = 
  CONFIG_LINKS    = 
  CONFIG_COMMANDS = 
  $ ./config.status config.h

on nayeem-desktop

config.status:1179: creating config.h
config.status:1360: config.h is unchanged
