This file contains any messages produced by compilers while
running configure, to aid debugging if configure makes a mistake.

It was created by configure, which was
generated by GNU Autoconf 2.61.  Invocation command line was

  $ ./configure 

## --------- ##
## Platform. ##
## --------- ##

hostname = nayeem-desktop
uname -m = i686
uname -r = 3.13.0-46-generic
uname -s = Linux
uname -v = #76-Ubuntu SMP Thu Feb 26 18:52:49 UTC 2015

/usr/bin/uname -p = unknown
/bin/uname -X     = unknown

/bin/arch              = unknown
/usr/bin/arch -k       = unknown
/usr/convex/getsysinfo = unknown
/usr/bin/hostinfo      = unknown
/bin/machine           = unknown
/usr/bin/oslevel       = unknown
/bin/universe          = unknown

PATH: /usr/local/sbin
PATH: /usr/local/bin
PATH: /usr/sbin
PATH: /usr/bin
PATH: /sbin
PATH: /bin
PATH: /usr/games
PATH: /usr/local/games


## ----------- ##
## Core tests. ##
## ----------- ##

configure:1982: checking build system type
configure:2000: result: i686-pc-linux-gnu
configure:2022: checking host system type
configure:2037: result: i686-pc-linux-gnu
configure:2059: checking target system type
configure:2074: result: i686-pc-linux-gnu
configure:2121: checking for a BSD-compatible install
configure:2177: result: /usr/bin/install -c
configure:2188: checking whether build environment is sane
configure:2231: result: yes
configure:2259: checking for a thread-safe mkdir -p
configure:2298: result: /bin/mkdir -p
configure:2311: checking for gawk
configure:2327: found /usr/bin/gawk
configure:2338: result: gawk
configure:2349: checking whether make sets $(MAKE)
configure:2370: result: yes
configure:2649: checking for gcc
configure:2665: found /usr/bin/gcc
configure:2676: result: gcc
configure:2914: checking for C compiler version
configure:2921: gcc --version >&5
gcc (Ubuntu 4.8.2-19ubuntu1) 4.8.2
Copyright (C) 2013 Free Software Foundation, Inc.
This is free software; see the source for copying conditions.  There is NO
warranty; not even for MERCHANTABILITY or FITNESS FOR A PARTICULAR PURPOSE.

configure:2924: $? = 0
configure:2931: gcc -v >&5
Using built-in specs.
COLLECT_GCC=gcc
COLLECT_LTO_WRAPPER=/usr/lib/gcc/i686-linux-gnu/4.8/lto-wrapper
Target: i686-linux-gnu
Configured with: ../src/configure -v --with-pkgversion='Ubuntu 4.8.2-19ubuntu1' --with-bugurl=file:///usr/share/doc/gcc-4.8/README.Bugs --enable-languages=c,c++,java,go,d,fortran,objc,obj-c++ --prefix=/usr --program-suffix=-4.8 --enable-shared --enable-linker-build-id --libexecdir=/usr/lib --without-included-gettext --enable-threads=posix --with-gxx-include-dir=/usr/include/c++/4.8 --libdir=/usr/lib --enable-nls --with-sysroot=/ --enable-clocale=gnu --enable-libstdcxx-debug --enable-libstdcxx-time=yes --enable-gnu-unique-object --disable-libmudflap --enable-plugin --with-system-zlib --disable-browser-plugin --enable-java-awt=gtk --enable-gtk-cairo --with-java-home=/usr/lib/jvm/java-1.5.0-gcj-4.8-i386/jre --enable-java-home --with-jvm-root-dir=/usr/lib/jvm/java-1.5.0-gcj-4.8-i386 --with-jvm-jar-dir=/usr/lib/jvm-exports/java-1.5.0-gcj-4.8-i386 --with-arch-directory=i386 --with-ecj-jar=/usr/share/java/eclipse-ecj.jar --enable-objc-gc --enable-targets=all --enable-multiarch --disable-werror --with-arch-32=i686 --with-multilib-list=m32,m64,mx32 --with-tune=generic --enable-checking=release --build=i686-linux-gnu --host=i686-linux-gnu --target=i686-linux-gnu
Thread model: posix
gcc version 4.8.2 (Ubuntu 4.8.2-19ubuntu1) 
configure:2934: $? = 0
configure:2941: gcc -V >&5
gcc: error: unrecognized command line option '-V'
gcc: fatal error: no input files
compilation terminated.
configure:2944: $? = 4
configure:2967: checking for C compiler default output file name
configure:2994: gcc    conftest.c  >&5
configure:2997: $? = 0
configure:3035: result: a.out
configure:3052: checking whether the C compiler works
configure:3062: ./a.out
configure:3065: $? = 0
configure:3082: result: yes
configure:3089: checking whether we are cross compiling
configure:3091: result: no
configure:3094: checking for suffix of executables
configure:3101: gcc -o conftest    conftest.c  >&5
configure:3104: $? = 0
configure:3128: result: 
configure:3134: checking for suffix of object files
configure:3160: gcc -c   conftest.c >&5
configure:3163: $? = 0
configure:3186: result: o
configure:3190: checking whether we are using the GNU C compiler
configure:3219: gcc -c   conftest.c >&5
configure:3225: $? = 0
configure:3242: result: yes
configure:3247: checking whether gcc accepts -g
configure:3277: gcc -c -g  conftest.c >&5
configure:3283: $? = 0
configure:3382: result: yes
configure:3399: checking for gcc option to accept ISO C89
configure:3473: gcc  -c -g -O2  conftest.c >&5
configure:3479: $? = 0
configure:3502: result: none needed
configure:3531: checking for style of include used by make
configure:3559: result: GNU
configure:3584: checking dependency style of gcc
configure:3675: result: gcc3
configure:3691: checking for library containing strerror
configure:3732: gcc -o conftest -g -O2   conftest.c  >&5
configure:3738: $? = 0
configure:3766: result: none required
configure:3779: checking how to run the C preprocessor
configure:3819: gcc -E  conftest.c
configure:3825: $? = 0
configure:3856: gcc -E  conftest.c
conftest.c:10:28: fatal error: ac_nonexistent.h: No such file or directory
 #include <ac_nonexistent.h>
                            ^
compilation terminated.
configure:3862: $? = 1
configure: failed program was:
| /* confdefs.h.  */
| #define PACKAGE_NAME ""
| #define PACKAGE_TARNAME ""
| #define PACKAGE_VERSION ""
| #define PACKAGE_STRING ""
| #define PACKAGE_BUGREPORT ""
| #define PACKAGE "LiTE"
| #define VERSION "0.8.10"
| /* end confdefs.h.  */
| #include <ac_nonexistent.h>
configure:3895: result: gcc -E
configure:3924: gcc -E  conftest.c
configure:3930: $? = 0
configure:3961: gcc -E  conftest.c
conftest.c:10:28: fatal error: ac_nonexistent.h: No such file or directory
 #include <ac_nonexistent.h>
                            ^
compilation terminated.
configure:3967: $? = 1
configure: failed program was:
| /* confdefs.h.  */
| #define PACKAGE_NAME ""
| #define PACKAGE_TARNAME ""
| #define PACKAGE_VERSION ""
| #define PACKAGE_STRING ""
| #define PACKAGE_BUGREPORT ""
| #define PACKAGE "LiTE"
| #define VERSION "0.8.10"
| /* end confdefs.h.  */
| #include <ac_nonexistent.h>
configure:4005: checking for grep that handles long lines and -e
configure:4079: result: /bin/grep
configure:4084: checking for egrep
configure:4162: result: /bin/grep -E
configure:4167: checking for ANSI C header files
configure:4197: gcc -c -g -O2  conftest.c >&5
configure:4203: $? = 0
configure:4302: gcc -o conftest -g -O2   conftest.c  >&5
configure:4305: $? = 0
configure:4311: ./conftest
configure:4314: $? = 0
configure:4331: result: yes
configure:4389: checking for a sed that does not truncate output
configure:4445: result: /bin/sed
configure:4459: checking for ld used by gcc
configure:4526: result: /usr/bin/ld
configure:4535: checking if the linker (/usr/bin/ld) is GNU ld
configure:4550: result: yes
configure:4555: checking for /usr/bin/ld option to reload object files
configure:4562: result: -r
configure:4580: checking for BSD-compatible nm
configure:4629: result: /usr/bin/nm -B
configure:4633: checking whether ln -s works
configure:4637: result: yes
configure:4644: checking how to recognize dependent libraries
configure:4830: result: pass_all
configure:5083: checking for sys/types.h
configure:5104: gcc -c -g -O2  conftest.c >&5
configure:5110: $? = 0
configure:5126: result: yes
configure:5083: checking for sys/stat.h
configure:5104: gcc -c -g -O2  conftest.c >&5
configure:5110: $? = 0
configure:5126: result: yes
configure:5083: checking for stdlib.h
configure:5104: gcc -c -g -O2  conftest.c >&5
configure:5110: $? = 0
configure:5126: result: yes
configure:5083: checking for string.h
configure:5104: gcc -c -g -O2  conftest.c >&5
configure:5110: $? = 0
configure:5126: result: yes
configure:5083: checking for memory.h
configure:5104: gcc -c -g -O2  conftest.c >&5
configure:5110: $? = 0
configure:5126: result: yes
configure:5083: checking for strings.h
configure:5104: gcc -c -g -O2  conftest.c >&5
configure:5110: $? = 0
configure:5126: result: yes
configure:5083: checking for inttypes.h
configure:5104: gcc -c -g -O2  conftest.c >&5
configure:5110: $? = 0
configure:5126: result: yes
configure:5083: checking for stdint.h
configure:5104: gcc -c -g -O2  conftest.c >&5
configure:5110: $? = 0
configure:5126: result: yes
configure:5083: checking for unistd.h
configure:5104: gcc -c -g -O2  conftest.c >&5
configure:5110: $? = 0
configure:5126: result: yes
configure:5153: checking dlfcn.h usability
configure:5170: gcc -c -g -O2  conftest.c >&5
configure:5176: $? = 0
configure:5190: result: yes
configure:5194: checking dlfcn.h presence
configure:5209: gcc -E  conftest.c
configure:5215: $? = 0
configure:5229: result: yes
configure:5257: checking for dlfcn.h
configure:5265: result: yes
configure:5336: checking for g++
configure:5352: found /usr/bin/g++
configure:5363: result: g++
configure:5394: checking for C++ compiler version
configure:5401: g++ --version >&5
g++ (Ubuntu 4.8.2-19ubuntu1) 4.8.2
Copyright (C) 2013 Free Software Foundation, Inc.
This is free software; see the source for copying conditions.  There is NO
warranty; not even for MERCHANTABILITY or FITNESS FOR A PARTICULAR PURPOSE.

configure:5404: $? = 0
configure:5411: g++ -v >&5
Using built-in specs.
COLLECT_GCC=g++
COLLECT_LTO_WRAPPER=/usr/lib/gcc/i686-linux-gnu/4.8/lto-wrapper
Target: i686-linux-gnu
Configured with: ../src/configure -v --with-pkgversion='Ubuntu 4.8.2-19ubuntu1' --with-bugurl=file:///usr/share/doc/gcc-4.8/README.Bugs --enable-languages=c,c++,java,go,d,fortran,objc,obj-c++ --prefix=/usr --program-suffix=-4.8 --enable-shared --enable-linker-build-id --libexecdir=/usr/lib --without-included-gettext --enable-threads=posix --with-gxx-include-dir=/usr/include/c++/4.8 --libdir=/usr/lib --enable-nls --with-sysroot=/ --enable-clocale=gnu --enable-libstdcxx-debug --enable-libstdcxx-time=yes --enable-gnu-unique-object --disable-libmudflap --enable-plugin --with-system-zlib --disable-browser-plugin --enable-java-awt=gtk --enable-gtk-cairo --with-java-home=/usr/lib/jvm/java-1.5.0-gcj-4.8-i386/jre --enable-java-home --with-jvm-root-dir=/usr/lib/jvm/java-1.5.0-gcj-4.8-i386 --with-jvm-jar-dir=/usr/lib/jvm-exports/java-1.5.0-gcj-4.8-i386 --with-arch-directory=i386 --with-ecj-jar=/usr/share/java/eclipse-ecj.jar --enable-objc-gc --enable-targets=all --enable-multiarch --disable-werror --with-arch-32=i686 --with-multilib-list=m32,m64,mx32 --with-tune=generic --enable-checking=release --build=i686-linux-gnu --host=i686-linux-gnu --target=i686-linux-gnu
Thread model: posix
gcc version 4.8.2 (Ubuntu 4.8.2-19ubuntu1) 
configure:5414: $? = 0
configure:5421: g++ -V >&5
g++: error: unrecognized command line option '-V'
g++: fatal error: no input files
compilation terminated.
configure:5424: $? = 4
configure:5427: checking whether we are using the GNU C++ compiler
configure:5456: g++ -c   conftest.cpp >&5
configure:5462: $? = 0
configure:5479: result: yes
configure:5484: checking whether g++ accepts -g
configure:5514: g++ -c -g  conftest.cpp >&5
configure:5520: $? = 0
configure:5619: result: yes
configure:5644: checking dependency style of g++
configure:5735: result: gcc3
configure:5760: checking how to run the C++ preprocessor
configure:5796: g++ -E  conftest.cpp
configure:5802: $? = 0
configure:5833: g++ -E  conftest.cpp
conftest.cpp:21:28: fatal error: ac_nonexistent.h: No such file or directory
 #include <ac_nonexistent.h>
                            ^
compilation terminated.
configure:5839: $? = 1
configure: failed program was:
| /* confdefs.h.  */
| #define PACKAGE_NAME ""
| #define PACKAGE_TARNAME ""
| #define PACKAGE_VERSION ""
| #define PACKAGE_STRING ""
| #define PACKAGE_BUGREPORT ""
| #define PACKAGE "LiTE"
| #define VERSION "0.8.10"
| #define STDC_HEADERS 1
| #define HAVE_SYS_TYPES_H 1
| #define HAVE_SYS_STAT_H 1
| #define HAVE_STDLIB_H 1
| #define HAVE_STRING_H 1
| #define HAVE_MEMORY_H 1
| #define HAVE_STRINGS_H 1
| #define HAVE_INTTYPES_H 1
| #define HAVE_STDINT_H 1
| #define HAVE_UNISTD_H 1
| #define HAVE_DLFCN_H 1
| /* end confdefs.h.  */
| #include <ac_nonexistent.h>
configure:5872: result: g++ -E
configure:5901: g++ -E  conftest.cpp
configure:5907: $? = 0
configure:5938: g++ -E  conftest.cpp
conftest.cpp:21:28: fatal error: ac_nonexistent.h: No such file or directory
 #include <ac_nonexistent.h>
                            ^
compilation terminated.
configure:5944: $? = 1
configure: failed program was:
| /* confdefs.h.  */
| #define PACKAGE_NAME ""
| #define PACKAGE_TARNAME ""
| #define PACKAGE_VERSION ""
| #define PACKAGE_STRING ""
| #define PACKAGE_BUGREPORT ""
| #define PACKAGE "LiTE"
| #define VERSION "0.8.10"
| #define STDC_HEADERS 1
| #define HAVE_SYS_TYPES_H 1
| #define HAVE_SYS_STAT_H 1
| #define HAVE_STDLIB_H 1
| #define HAVE_STRING_H 1
| #define HAVE_MEMORY_H 1
| #define HAVE_STRINGS_H 1
| #define HAVE_INTTYPES_H 1
| #define HAVE_STDINT_H 1
| #define HAVE_UNISTD_H 1
| #define HAVE_DLFCN_H 1
| /* end confdefs.h.  */
| #include <ac_nonexistent.h>
configure:6037: checking for g77
configure:6067: result: no
configure:6037: checking for xlf
configure:6067: result: no
configure:6037: checking for f77
configure:6067: result: no
configure:6037: checking for frt
configure:6067: result: no
configure:6037: checking for pgf77
configure:6067: result: no
configure:6037: checking for cf77
configure:6067: result: no
configure:6037: checking for fort77
configure:6067: result: no
configure:6037: checking for fl32
configure:6067: result: no
configure:6037: checking for af77
configure:6067: result: no
configure:6037: checking for xlf90
configure:6067: result: no
configure:6037: checking for f90
configure:6067: result: no
configure:6037: checking for pgf90
configure:6067: result: no
configure:6037: checking for pghpf
configure:6067: result: no
configure:6037: checking for epcf90
configure:6067: result: no
configure:6037: checking for gfortran
configure:6067: result: no
configure:6037: checking for g95
configure:6067: result: no
configure:6037: checking for xlf95
configure:6067: result: no
configure:6037: checking for f95
configure:6067: result: no
configure:6037: checking for fort
configure:6067: result: no
configure:6037: checking for ifort
configure:6067: result: no
configure:6037: checking for ifc
configure:6067: result: no
configure:6037: checking for efc
configure:6067: result: no
configure:6037: checking for pgf95
configure:6067: result: no
configure:6037: checking for lf95
configure:6067: result: no
configure:6037: checking for ftn
configure:6067: result: no
configure:6094: checking for Fortran 77 compiler version
configure:6101:  --version >&5
./configure: line 6102: --version: command not found
configure:6104: $? = 127
configure:6111:  -v >&5
./configure: line 6112: -v: command not found
configure:6114: $? = 127
configure:6121:  -V >&5
./configure: line 6122: -V: command not found
configure:6124: $? = 127
configure:6132: checking whether we are using the GNU Fortran 77 compiler
configure:6151:  -c  conftest.F >&5
./configure: line 6152: -c: command not found
configure:6157: $? = 127
configure: failed program was:
|       program main
| #ifndef __GNUC__
|        choke me
| #endif
| 
|       end
configure:6174: result: no
configure:6180: checking whether  accepts -g
configure:6197:  -c -g conftest.f >&5
./configure: line 6198: -c: command not found
configure:6203: $? = 127
configure: failed program was:
|       program main
| 
|       end
configure:6219: result: no
configure:6248: checking the maximum length of command line arguments
configure:6360: result: 1572864
configure:6372: checking command to parse /usr/bin/nm -B output from gcc object
configure:6477: gcc -c -g -O2  conftest.c >&5
configure:6480: $? = 0
configure:6484: /usr/bin/nm -B conftest.o \| sed -n -e 's/^.*[ 	]\([ABCDGIRSTW][ABCDGIRSTW]*\)[ 	][ 	]*\([_A-Za-z][_A-Za-z0-9]*\)$/\1 \2 \2/p' \> conftest.nm
configure:6487: $? = 0
configure:6539: gcc -o conftest -g -O2   conftest.c conftstm.o >&5
configure:6542: $? = 0
configure:6580: result: ok
configure:6584: checking for objdir
configure:6599: result: .libs
configure:6691: checking for ar
configure:6707: found /usr/bin/ar
configure:6718: result: ar
configure:6787: checking for ranlib
configure:6803: found /usr/bin/ranlib
configure:6814: result: ranlib
configure:6883: checking for strip
configure:6899: found /usr/bin/strip
configure:6910: result: strip
configure:7508: checking if gcc supports -fno-rtti -fno-exceptions
configure:7526: gcc -c -g -O2  -fno-rtti -fno-exceptions conftest.c >&5
cc1: warning: command line option '-fno-rtti' is valid for C++/ObjC++ but not for C [enabled by default]
configure:7530: $? = 0
configure:7543: result: no
configure:7558: checking for gcc option to produce PIC
configure:7790: result: -fPIC
configure:7798: checking if gcc PIC flag -fPIC works
configure:7816: gcc -c -g -O2  -fPIC -DPIC conftest.c >&5
configure:7820: $? = 0
configure:7833: result: yes
configure:7861: checking if gcc static flag -static works
configure:7889: result: yes
configure:7899: checking if gcc supports -c -o file.o
configure:7920: gcc -c -g -O2  -o out/conftest2.o conftest.c >&5
configure:7924: $? = 0
configure:7946: result: yes
configure:7972: checking whether the gcc linker (/usr/bin/ld) supports shared libraries
configure:8953: result: yes
configure:8974: checking whether -lc should be explicitly linked in
configure:8979: gcc -c -g -O2  conftest.c >&5
configure:8982: $? = 0
configure:8997: gcc -shared conftest.o  -v -Wl,-soname -Wl,conftest -o conftest 2\>\&1 \| grep  -lc  \>/dev/null 2\>\&1
configure:9000: $? = 0
configure:9012: result: no
configure:9020: checking dynamic linker characteristics
configure:9634: result: GNU/Linux ld.so
configure:9658: checking how to hardcode library paths into programs
configure:9683: result: immediate
configure:9697: checking whether stripping libraries is possible
configure:9702: result: yes
configure:10504: checking if libtool supports shared libraries
configure:10506: result: yes
configure:10509: checking whether to build shared libraries
configure:10530: result: yes
configure:10533: checking whether to build static libraries
configure:10537: result: no
configure:10631: creating libtool
configure:11224: checking for ld used by g++
configure:11291: result: /usr/bin/ld
configure:11300: checking if the linker (/usr/bin/ld) is GNU ld
configure:11315: result: yes
configure:11366: checking whether the g++ linker (/usr/bin/ld) supports shared libraries
configure:12312: result: yes
configure:12329: g++ -c -g -O2  conftest.cpp >&5
configure:12332: $? = 0
configure:12488: checking for g++ option to produce PIC
configure:12772: result: -fPIC
configure:12780: checking if g++ PIC flag -fPIC works
configure:12798: g++ -c -g -O2  -fPIC -DPIC conftest.cpp >&5
configure:12802: $? = 0
configure:12815: result: yes
configure:12843: checking if g++ static flag -static works
configure:12871: result: yes
configure:12881: checking if g++ supports -c -o file.o
configure:12902: g++ -c -g -O2  -o out/conftest2.o conftest.cpp >&5
configure:12906: $? = 0
configure:12928: result: yes
configure:12954: checking whether the g++ linker (/usr/bin/ld) supports shared libraries
configure:12983: result: yes
configure:13050: checking dynamic linker characteristics
configure:13612: result: GNU/Linux ld.so
configure:13636: checking how to hardcode library paths into programs
configure:13661: result: immediate
configure:19972: checking for pkg-config
configure:19990: found /usr/bin/pkg-config
configure:20002: result: /usr/bin/pkg-config
configure:20031: checking pkg-config is at least version 0.9.0
configure:20034: result: yes
configure:20045: checking for DFB
configure:20053: $PKG_CONFIG --exists --print-errors "directfb >= $DFB_REQUIRED_VERSION"
configure:20056: $? = 0
configure:20071: $PKG_CONFIG --exists --print-errors "directfb >= $DFB_REQUIRED_VERSION"
configure:20074: $? = 0
configure:20150: result: yes
configure:20174: checking stdbool.h usability
configure:20191: gcc -c -Wall -O3 -pipe   conftest.c >&5
configure:20197: $? = 0
configure:20211: result: yes
configure:20215: checking stdbool.h presence
configure:20230: gcc -E  conftest.c
configure:20236: $? = 0
configure:20250: result: yes
configure:20278: checking for stdbool.h
configure:20286: result: yes
configure:20452: creating ./config.status

## ---------------------- ##
## Running config.status. ##
## ---------------------- ##

This file was extended by config.status, which was
generated by GNU Autoconf 2.61.  Invocation command line was

  CONFIG_FILES    = 
  CONFIG_HEADERS  = 
  CONFIG_LINKS    = 
  CONFIG_COMMANDS = 
  $ ./config.status 

on nayeem-desktop

config.status:683: creating Makefile
config.status:683: creating data/Makefile
config.status:683: creating examples/Makefile
config.status:683: creating tests/Makefile
config.status:683: creating fonts/Makefile
config.status:683: creating lite/Makefile
config.status:683: creating leck/Makefile
config.status:683: creating lite.pc
config.status:683: creating leck.pc
config.status:683: creating config.h
config.status:958: executing depfiles commands

## ---------------- ##
## Cache variables. ##
## ---------------- ##

ac_cv_build=i686-pc-linux-gnu
ac_cv_c_compiler_gnu=yes
ac_cv_cxx_compiler_gnu=yes
ac_cv_env_CCC_set=
ac_cv_env_CCC_value=
ac_cv_env_CC_set=
ac_cv_env_CC_value=
ac_cv_env_CFLAGS_set=
ac_cv_env_CFLAGS_value=
ac_cv_env_CPPFLAGS_set=
ac_cv_env_CPPFLAGS_value=
ac_cv_env_CPP_set=
ac_cv_env_CPP_value=
ac_cv_env_CXXCPP_set=
ac_cv_env_CXXCPP_value=
ac_cv_env_CXXFLAGS_set=
ac_cv_env_CXXFLAGS_value=
ac_cv_env_CXX_set=
ac_cv_env_CXX_value=
ac_cv_env_DFB_CFLAGS_set=
ac_cv_env_DFB_CFLAGS_value=
ac_cv_env_DFB_LIBS_set=
ac_cv_env_DFB_LIBS_value=
ac_cv_env_F77_set=
ac_cv_env_F77_value=
ac_cv_env_FFLAGS_set=
ac_cv_env_FFLAGS_value=
ac_cv_env_LDFLAGS_set=
ac_cv_env_LDFLAGS_value=
ac_cv_env_LIBS_set=
ac_cv_env_LIBS_value=
ac_cv_env_PKG_CONFIG_set=
ac_cv_env_PKG_CONFIG_value=
ac_cv_env_build_alias_set=
ac_cv_env_build_alias_value=
ac_cv_env_host_alias_set=
ac_cv_env_host_alias_value=
ac_cv_env_target_alias_set=
ac_cv_env_target_alias_value=
ac_cv_f77_compiler_gnu=no
ac_cv_header_dlfcn_h=yes
ac_cv_header_inttypes_h=yes
ac_cv_header_memory_h=yes
ac_cv_header_stdbool_h=yes
ac_cv_header_stdc=yes
ac_cv_header_stdint_h=yes
ac_cv_header_stdlib_h=yes
ac_cv_header_string_h=yes
ac_cv_header_strings_h=yes
ac_cv_header_sys_stat_h=yes
ac_cv_header_sys_types_h=yes
ac_cv_header_unistd_h=yes
ac_cv_host=i686-pc-linux-gnu
ac_cv_objext=o
ac_cv_path_EGREP='/bin/grep -E'
ac_cv_path_GREP=/bin/grep
ac_cv_path_ac_pt_PKG_CONFIG=/usr/bin/pkg-config
ac_cv_path_install='/usr/bin/install -c'
ac_cv_path_mkdir=/bin/mkdir
ac_cv_prog_AWK=gawk
ac_cv_prog_CPP='gcc -E'
ac_cv_prog_CXXCPP='g++ -E'
ac_cv_prog_ac_ct_AR=ar
ac_cv_prog_ac_ct_CC=gcc
ac_cv_prog_ac_ct_CXX=g++
ac_cv_prog_ac_ct_RANLIB=ranlib
ac_cv_prog_ac_ct_STRIP=strip
ac_cv_prog_cc_c89=
ac_cv_prog_cc_g=yes
ac_cv_prog_cxx_g=yes
ac_cv_prog_f77_g=no
ac_cv_prog_make_make_set=yes
ac_cv_search_strerror='none required'
ac_cv_target=i686-pc-linux-gnu
am_cv_CC_dependencies_compiler_type=gcc3
am_cv_CXX_dependencies_compiler_type=gcc3
lt_cv_deplibs_check_method=pass_all
lt_cv_file_magic_cmd='$MAGIC_CMD'
lt_cv_file_magic_test_file=
lt_cv_ld_reload_flag=-r
lt_cv_objdir=.libs
lt_cv_path_LD=/usr/bin/ld
lt_cv_path_LDCXX=/usr/bin/ld
lt_cv_path_NM='/usr/bin/nm -B'
lt_cv_path_SED=/bin/sed
lt_cv_prog_compiler_c_o=yes
lt_cv_prog_compiler_c_o_CXX=yes
lt_cv_prog_compiler_pic_works=yes
lt_cv_prog_compiler_pic_works_CXX=yes
lt_cv_prog_compiler_rtti_exceptions=no
lt_cv_prog_compiler_static_works=yes
lt_cv_prog_compiler_static_works_CXX=yes
lt_cv_prog_gnu_ld=yes
lt_cv_prog_gnu_ldcxx=yes
lt_cv_sys_global_symbol_pipe='sed -n -e '\''s/^.*[ 	]\([ABCDGIRSTW][ABCDGIRSTW]*\)[ 	][ 	]*\([_A-Za-z][_A-Za-z0-9]*\)$/\1 \2 \2/p'\'''
lt_cv_sys_global_symbol_to_c_name_address='sed -n -e '\''s/^: \([^ ]*\) $/  {\"\1\", (lt_ptr) 0},/p'\'' -e '\''s/^[BCDEGRST] \([^ ]*\) \([^ ]*\)$/  {"\2", (lt_ptr) \&\2},/p'\'''
lt_cv_sys_global_symbol_to_cdecl='sed -n -e '\''s/^. .* \(.*\)$/extern int \1;/p'\'''
lt_cv_sys_lib_dlsearch_path_spec='/lib /usr/lib /usr/lib/i386-linux-gnu/libfakeroot /usr/lib/i386-linux-gnu/mesa-egl /usr/lib/i386-linux-gnu/mesa /lib/i386-linux-gnu /usr/lib/i386-linux-gnu /lib/i686-linux-gnu /usr/lib/i686-linux-gnu /usr/local/lib '
lt_cv_sys_lib_search_path_spec='/usr/lib/gcc/i686-linux-gnu/4.8 /usr/lib/i386-linux-gnu /usr/lib /lib/i386-linux-gnu /lib'
lt_cv_sys_max_cmd_len=1572864
lt_lt_cv_prog_compiler_c_o='"yes"'
lt_lt_cv_prog_compiler_c_o_CXX='"yes"'
lt_lt_cv_sys_global_symbol_pipe='"sed -n -e '\''s/^.*[ 	]\\([ABCDGIRSTW][ABCDGIRSTW]*\\)[ 	][ 	]*\\([_A-Za-z][_A-Za-z0-9]*\\)\$/\\1 \\2 \\2/p'\''"'
lt_lt_cv_sys_global_symbol_to_c_name_address='"sed -n -e '\''s/^: \\([^ ]*\\) \$/  {\\\"\\1\\\", (lt_ptr) 0},/p'\'' -e '\''s/^[BCDEGRST] \\([^ ]*\\) \\([^ ]*\\)\$/  {\"\\2\", (lt_ptr) \\&\\2},/p'\''"'
lt_lt_cv_sys_global_symbol_to_cdecl='"sed -n -e '\''s/^. .* \\(.*\\)\$/extern int \\1;/p'\''"'
pkg_cv_DFB_CFLAGS='-D_REENTRANT -I/usr/local/include/directfb  '
pkg_cv_DFB_LIBS='-L/usr/local/lib -ldirectfb -lfusion -ldirect -lpthread  '

## ----------------- ##
## Output variables. ##
## ----------------- ##

ACLOCAL='${SHELL} /home/nayeem/Desktop/DirectFB/LiTE-0.8.10/missing --run aclocal-1.10'
AMDEPBACKSLASH='\'
AMDEP_FALSE='#'
AMDEP_TRUE=''
AMTAR='${SHELL} /home/nayeem/Desktop/DirectFB/LiTE-0.8.10/missing --run tar'
AR='ar'
AUTOCONF='${SHELL} /home/nayeem/Desktop/DirectFB/LiTE-0.8.10/missing --run autoconf'
AUTOHEADER='${SHELL} /home/nayeem/Desktop/DirectFB/LiTE-0.8.10/missing --run autoheader'
AUTOMAKE='${SHELL} /home/nayeem/Desktop/DirectFB/LiTE-0.8.10/missing --run automake-1.10'
AWK='gawk'
CC='gcc'
CCDEPMODE='depmode=gcc3'
CFLAGS='-Wall -O3 -pipe  -Werror-implicit-function-declaration'
CPP='gcc -E'
CPPFLAGS=''
CXX='g++'
CXXCPP='g++ -E'
CXXDEPMODE='depmode=gcc3'
CXXFLAGS='-g -O2'
CYGPATH_W='echo'
DATADIR='${datarootdir}'
DEFS='-DHAVE_CONFIG_H'
DEPDIR='.deps'
DFB_CFLAGS='-D_REENTRANT -I/usr/local/include/directfb  '
DFB_LIBS='-L/usr/local/lib -ldirectfb -lfusion -ldirect -lpthread  '
DFB_REQUIRED_VERSION='1.0.0'
DSYMUTIL=''
ECHO='echo'
ECHO_C=''
ECHO_N='-n'
ECHO_T=''
EGREP='/bin/grep -E'
EXEEXT=''
F77=''
FFLAGS=''
GREP='/bin/grep'
INSTALL_DATA='${INSTALL} -m 644'
INSTALL_PROGRAM='${INSTALL}'
INSTALL_SCRIPT='${INSTALL}'
INSTALL_STRIP_PROGRAM='$(install_sh) -c -s'
LDFLAGS=''
LIBOBJS=''
LIBS=''
LIBTOOL='$(SHELL) $(top_builddir)/libtool'
LITEFONTDIR='${datarootdir}/fonts/truetype'
LITE_VERSION_INFO='3:5:0'
LN_S='ln -s'
LTLIBOBJS=''
MAKEINFO='${SHELL} /home/nayeem/Desktop/DirectFB/LiTE-0.8.10/missing --run makeinfo'
NMEDIT=''
OBJEXT='o'
PACKAGE='LiTE'
PACKAGE_BUGREPORT=''
PACKAGE_NAME=''
PACKAGE_STRING=''
PACKAGE_TARNAME=''
PACKAGE_VERSION=''
PATH_SEPARATOR=':'
PKG_CONFIG='/usr/bin/pkg-config'
RANLIB='ranlib'
SED='/bin/sed'
SET_MAKE=''
SHELL='/bin/bash'
STRIP='strip'
VERSION='0.8.10'
ac_ct_CC='gcc'
ac_ct_CXX='g++'
ac_ct_F77=''
am__fastdepCC_FALSE='#'
am__fastdepCC_TRUE=''
am__fastdepCXX_FALSE='#'
am__fastdepCXX_TRUE=''
am__include='include'
am__isrc=''
am__leading_dot='.'
am__quote=''
am__tar='${AMTAR} chof - "$$tardir"'
am__untar='${AMTAR} xf -'
bindir='${exec_prefix}/bin'
build='i686-pc-linux-gnu'
build_alias=''
build_cpu='i686'
build_os='linux-gnu'
build_vendor='pc'
datadir='${datarootdir}'
datarootdir='${prefix}/share'
docdir='${datarootdir}/doc/${PACKAGE}'
dvidir='${docdir}'
exec_prefix='${prefix}'
host='i686-pc-linux-gnu'
host_alias=''
host_cpu='i686'
host_os='linux-gnu'
host_vendor='pc'
htmldir='${docdir}'
includedir='${prefix}/include'
infodir='${datarootdir}/info'
install_sh='$(SHELL) /home/nayeem/Desktop/DirectFB/LiTE-0.8.10/install-sh'
libdir='${exec_prefix}/lib'
libexecdir='${exec_prefix}/libexec'
localedir='${datarootdir}/locale'
localstatedir='${prefix}/var'
mandir='${datarootdir}/man'
mkdir_p='/bin/mkdir -p'
oldincludedir='/usr/include'
pdfdir='${docdir}'
prefix='/usr/local'
program_transform_name='s,x,x,'
psdir='${docdir}'
sbindir='${exec_prefix}/sbin'
sharedstatedir='${prefix}/com'
sysconfdir='${prefix}/etc'
target='i686-pc-linux-gnu'
target_alias=''
target_cpu='i686'
target_os='linux-gnu'
target_vendor='pc'

## ----------- ##
## confdefs.h. ##
## ----------- ##

#define PACKAGE_NAME ""
#define PACKAGE_TARNAME ""
#define PACKAGE_VERSION ""
#define PACKAGE_STRING ""
#define PACKAGE_BUGREPORT ""
#define PACKAGE "LiTE"
#define VERSION "0.8.10"
#define STDC_HEADERS 1
#define HAVE_SYS_TYPES_H 1
#define HAVE_SYS_STAT_H 1
#define HAVE_STDLIB_H 1
#define HAVE_STRING_H 1
#define HAVE_MEMORY_H 1
#define HAVE_STRINGS_H 1
#define HAVE_INTTYPES_H 1
#define HAVE_STDINT_H 1
#define HAVE_UNISTD_H 1
#define HAVE_DLFCN_H 1
#define HAVE_STDBOOL_H 1

configure: exit 0
