This file contains any messages produced by compilers while
running configure, to aid debugging if configure makes a mistake.

It was created by configure, which was
generated by GNU Autoconf 2.67.  Invocation command line was

  $ ./configure 

## --------- ##
## Platform. ##
## --------- ##

hostname = nayeem-desktop
uname -m = i686
uname -r = 3.13.0-46-generic
uname -s = Linux
uname -v = #76-Ubuntu SMP Thu Feb 26 18:52:49 UTC 2015

/usr/bin/uname -p = unknown
/bin/uname -X     = unknown

/bin/arch              = unknown
/usr/bin/arch -k       = unknown
/usr/convex/getsysinfo = unknown
/usr/bin/hostinfo      = unknown
/bin/machine           = unknown
/usr/bin/oslevel       = unknown
/bin/universe          = unknown

PATH: /usr/local/sbin
PATH: /usr/local/bin
PATH: /usr/sbin
PATH: /usr/bin
PATH: /sbin
PATH: /bin
PATH: /usr/games
PATH: /usr/local/games


## ----------- ##
## Core tests. ##
## ----------- ##

configure:2081: checking for a BSD-compatible install
configure:2149: result: /usr/bin/install -c
configure:2160: checking whether build environment is sane
configure:2210: result: yes
configure:2351: checking for a thread-safe mkdir -p
configure:2390: result: /bin/mkdir -p
configure:2403: checking for gawk
configure:2419: found /usr/bin/gawk
configure:2430: result: gawk
configure:2441: checking whether make sets $(MAKE)
configure:2463: result: yes
configure:2547: checking whether to enable maintainer-specific portions of Makefiles
configure:2556: result: no
configure:2576: checking build system type
configure:2590: result: i686-pc-linux-gnu
configure:2610: checking host system type
configure:2623: result: i686-pc-linux-gnu
configure:2692: checking for gcc
configure:2708: found /usr/bin/gcc
configure:2719: result: gcc
configure:2948: checking for C compiler version
configure:2957: gcc --version >&5
gcc (Ubuntu 4.8.2-19ubuntu1) 4.8.2
Copyright (C) 2013 Free Software Foundation, Inc.
This is free software; see the source for copying conditions.  There is NO
warranty; not even for MERCHANTABILITY or FITNESS FOR A PARTICULAR PURPOSE.

configure:2968: $? = 0
configure:2957: gcc -v >&5
Using built-in specs.
COLLECT_GCC=gcc
COLLECT_LTO_WRAPPER=/usr/lib/gcc/i686-linux-gnu/4.8/lto-wrapper
Target: i686-linux-gnu
Configured with: ../src/configure -v --with-pkgversion='Ubuntu 4.8.2-19ubuntu1' --with-bugurl=file:///usr/share/doc/gcc-4.8/README.Bugs --enable-languages=c,c++,java,go,d,fortran,objc,obj-c++ --prefix=/usr --program-suffix=-4.8 --enable-shared --enable-linker-build-id --libexecdir=/usr/lib --without-included-gettext --enable-threads=posix --with-gxx-include-dir=/usr/include/c++/4.8 --libdir=/usr/lib --enable-nls --with-sysroot=/ --enable-clocale=gnu --enable-libstdcxx-debug --enable-libstdcxx-time=yes --enable-gnu-unique-object --disable-libmudflap --enable-plugin --with-system-zlib --disable-browser-plugin --enable-java-awt=gtk --enable-gtk-cairo --with-java-home=/usr/lib/jvm/java-1.5.0-gcj-4.8-i386/jre --enable-java-home --with-jvm-root-dir=/usr/lib/jvm/java-1.5.0-gcj-4.8-i386 --with-jvm-jar-dir=/usr/lib/jvm-exports/java-1.5.0-gcj-4.8-i386 --with-arch-directory=i386 --with-ecj-jar=/usr/share/java/eclipse-ecj.jar --enable-objc-gc --enable-targets=all --enable-multiarch --disable-werror --with-arch-32=i686 --with-multilib-list=m32,m64,mx32 --with-tune=generic --enable-checking=release --build=i686-linux-gnu --host=i686-linux-gnu --target=i686-linux-gnu
Thread model: posix
gcc version 4.8.2 (Ubuntu 4.8.2-19ubuntu1) 
configure:2968: $? = 0
configure:2957: gcc -V >&5
gcc: error: unrecognized command line option '-V'
gcc: fatal error: no input files
compilation terminated.
configure:2968: $? = 4
configure:2957: gcc -qversion >&5
gcc: error: unrecognized command line option '-qversion'
gcc: fatal error: no input files
compilation terminated.
configure:2968: $? = 4
configure:2988: checking whether the C compiler works
configure:3010: gcc    conftest.c  >&5
configure:3014: $? = 0
configure:3062: result: yes
configure:3065: checking for C compiler default output file name
configure:3067: result: a.out
configure:3073: checking for suffix of executables
configure:3080: gcc -o conftest    conftest.c  >&5
configure:3084: $? = 0
configure:3106: result: 
configure:3128: checking whether we are cross compiling
configure:3136: gcc -o conftest    conftest.c  >&5
configure:3140: $? = 0
configure:3147: ./conftest
configure:3151: $? = 0
configure:3166: result: no
configure:3171: checking for suffix of object files
configure:3193: gcc -c   conftest.c >&5
configure:3197: $? = 0
configure:3218: result: o
configure:3222: checking whether we are using the GNU C compiler
configure:3241: gcc -c   conftest.c >&5
configure:3241: $? = 0
configure:3250: result: yes
configure:3259: checking whether gcc accepts -g
configure:3279: gcc -c -g  conftest.c >&5
configure:3279: $? = 0
configure:3320: result: yes
configure:3337: checking for gcc option to accept ISO C89
configure:3401: gcc  -c -g -O2  conftest.c >&5
configure:3401: $? = 0
configure:3414: result: none needed
configure:3445: checking for style of include used by make
configure:3473: result: GNU
configure:3498: checking dependency style of gcc
configure:3608: result: gcc3
configure:3641: checking how to run the C preprocessor
configure:3672: gcc -E  conftest.c
configure:3672: $? = 0
configure:3686: gcc -E  conftest.c
conftest.c:11:28: fatal error: ac_nonexistent.h: No such file or directory
 #include <ac_nonexistent.h>
                            ^
compilation terminated.
configure:3686: $? = 1
configure: failed program was:
| /* confdefs.h */
| #define PACKAGE_NAME ""
| #define PACKAGE_TARNAME ""
| #define PACKAGE_VERSION ""
| #define PACKAGE_STRING ""
| #define PACKAGE_BUGREPORT ""
| #define PACKAGE_URL ""
| #define PACKAGE "DirectFB-examples"
| #define VERSION "1.6.0"
| /* end confdefs.h.  */
| #include <ac_nonexistent.h>
configure:3711: result: gcc -E
configure:3731: gcc -E  conftest.c
configure:3731: $? = 0
configure:3745: gcc -E  conftest.c
conftest.c:11:28: fatal error: ac_nonexistent.h: No such file or directory
 #include <ac_nonexistent.h>
                            ^
compilation terminated.
configure:3745: $? = 1
configure: failed program was:
| /* confdefs.h */
| #define PACKAGE_NAME ""
| #define PACKAGE_TARNAME ""
| #define PACKAGE_VERSION ""
| #define PACKAGE_STRING ""
| #define PACKAGE_BUGREPORT ""
| #define PACKAGE_URL ""
| #define PACKAGE "DirectFB-examples"
| #define VERSION "1.6.0"
| /* end confdefs.h.  */
| #include <ac_nonexistent.h>
configure:3774: checking for grep that handles long lines and -e
configure:3832: result: /bin/grep
configure:3837: checking for egrep
configure:3899: result: /bin/grep -E
configure:3904: checking for ANSI C header files
configure:3924: gcc -c -Wall -O3 -pipe   conftest.c >&5
configure:3924: $? = 0
configure:3997: gcc -o conftest -Wall -O3 -pipe    conftest.c  >&5
configure:3997: $? = 0
configure:3997: ./conftest
configure:3997: $? = 0
configure:4008: result: yes
configure:4021: checking for sys/types.h
configure:4021: gcc -c -Wall -O3 -pipe   conftest.c >&5
configure:4021: $? = 0
configure:4021: result: yes
configure:4021: checking for sys/stat.h
configure:4021: gcc -c -Wall -O3 -pipe   conftest.c >&5
configure:4021: $? = 0
configure:4021: result: yes
configure:4021: checking for stdlib.h
configure:4021: gcc -c -Wall -O3 -pipe   conftest.c >&5
configure:4021: $? = 0
configure:4021: result: yes
configure:4021: checking for string.h
configure:4021: gcc -c -Wall -O3 -pipe   conftest.c >&5
configure:4021: $? = 0
configure:4021: result: yes
configure:4021: checking for memory.h
configure:4021: gcc -c -Wall -O3 -pipe   conftest.c >&5
configure:4021: $? = 0
configure:4021: result: yes
configure:4021: checking for strings.h
configure:4021: gcc -c -Wall -O3 -pipe   conftest.c >&5
configure:4021: $? = 0
configure:4021: result: yes
configure:4021: checking for inttypes.h
configure:4021: gcc -c -Wall -O3 -pipe   conftest.c >&5
configure:4021: $? = 0
configure:4021: result: yes
configure:4021: checking for stdint.h
configure:4021: gcc -c -Wall -O3 -pipe   conftest.c >&5
configure:4021: $? = 0
configure:4021: result: yes
configure:4021: checking for unistd.h
configure:4021: gcc -c -Wall -O3 -pipe   conftest.c >&5
configure:4021: $? = 0
configure:4021: result: yes
configure:4035: checking stdbool.h usability
configure:4035: gcc -c -Wall -O3 -pipe   conftest.c >&5
configure:4035: $? = 0
configure:4035: result: yes
configure:4035: checking stdbool.h presence
configure:4035: gcc -E  conftest.c
configure:4035: $? = 0
configure:4035: result: yes
configure:4035: checking for stdbool.h
configure:4035: result: yes
configure:4110: checking for pkg-config
configure:4128: found /usr/bin/pkg-config
configure:4140: result: /usr/bin/pkg-config
configure:4165: checking pkg-config is at least version 0.9.0
configure:4168: result: yes
configure:4178: checking for DIRECTFB
configure:4185: $PKG_CONFIG --exists --print-errors "directfb >= $DIRECTFB_REQUIRED_VERSION"
configure:4188: $? = 0
configure:4201: $PKG_CONFIG --exists --print-errors "directfb >= $DIRECTFB_REQUIRED_VERSION"
configure:4204: $? = 0
configure:4245: result: yes
configure:4259: checking for DirectFB >= 1.5.3
configure:4263: result: found
configure:4454: creating ./config.status

## ---------------------- ##
## Running config.status. ##
## ---------------------- ##

This file was extended by config.status, which was
generated by GNU Autoconf 2.67.  Invocation command line was

  CONFIG_FILES    = 
  CONFIG_HEADERS  = 
  CONFIG_LINKS    = 
  CONFIG_COMMANDS = 
  $ ./config.status 

on nayeem-desktop

config.status:808: creating Makefile
config.status:808: creating data/Makefile
config.status:808: creating data/df_neo/Makefile
config.status:808: creating data/spacedream/Makefile
config.status:808: creating src/Makefile
config.status:808: creating src/df_knuckles/Makefile
config.status:808: creating src/df_neo/Makefile
config.status:808: creating src/spacedream/Makefile
config.status:979: executing depfiles commands

## ---------------- ##
## Cache variables. ##
## ---------------- ##

ac_cv_build=i686-pc-linux-gnu
ac_cv_c_compiler_gnu=yes
ac_cv_env_CC_set=
ac_cv_env_CC_value=
ac_cv_env_CFLAGS_set=
ac_cv_env_CFLAGS_value=
ac_cv_env_CPPFLAGS_set=
ac_cv_env_CPPFLAGS_value=
ac_cv_env_CPP_set=
ac_cv_env_CPP_value=
ac_cv_env_DIRECTFB_CFLAGS_set=
ac_cv_env_DIRECTFB_CFLAGS_value=
ac_cv_env_DIRECTFB_LIBS_set=
ac_cv_env_DIRECTFB_LIBS_value=
ac_cv_env_LDFLAGS_set=
ac_cv_env_LDFLAGS_value=
ac_cv_env_LIBS_set=
ac_cv_env_LIBS_value=
ac_cv_env_PKG_CONFIG_LIBDIR_set=
ac_cv_env_PKG_CONFIG_LIBDIR_value=
ac_cv_env_PKG_CONFIG_PATH_set=
ac_cv_env_PKG_CONFIG_PATH_value=
ac_cv_env_PKG_CONFIG_set=
ac_cv_env_PKG_CONFIG_value=
ac_cv_env_build_alias_set=
ac_cv_env_build_alias_value=
ac_cv_env_host_alias_set=
ac_cv_env_host_alias_value=
ac_cv_env_target_alias_set=
ac_cv_env_target_alias_value=
ac_cv_header_inttypes_h=yes
ac_cv_header_memory_h=yes
ac_cv_header_stdbool_h=yes
ac_cv_header_stdc=yes
ac_cv_header_stdint_h=yes
ac_cv_header_stdlib_h=yes
ac_cv_header_string_h=yes
ac_cv_header_strings_h=yes
ac_cv_header_sys_stat_h=yes
ac_cv_header_sys_types_h=yes
ac_cv_header_unistd_h=yes
ac_cv_host=i686-pc-linux-gnu
ac_cv_objext=o
ac_cv_path_EGREP='/bin/grep -E'
ac_cv_path_GREP=/bin/grep
ac_cv_path_ac_pt_PKG_CONFIG=/usr/bin/pkg-config
ac_cv_path_install='/usr/bin/install -c'
ac_cv_path_mkdir=/bin/mkdir
ac_cv_prog_AWK=gawk
ac_cv_prog_CPP='gcc -E'
ac_cv_prog_ac_ct_CC=gcc
ac_cv_prog_cc_c89=
ac_cv_prog_cc_g=yes
ac_cv_prog_make_make_set=yes
am_cv_CC_dependencies_compiler_type=gcc3
pkg_cv_DIRECTFB_CFLAGS='-D_REENTRANT -I/usr/local/include/directfb  '
pkg_cv_DIRECTFB_LIBS='-L/usr/local/lib -ldirectfb -lfusion -ldirect -lpthread  '

## ----------------- ##
## Output variables. ##
## ----------------- ##

ACLOCAL='${SHELL} /home/nayeem/Desktop/DirectFB/DirectFB-examples-1.6.0/missing --run aclocal-1.11 '
AMDEPBACKSLASH='\'
AMDEP_FALSE='#'
AMDEP_TRUE=''
AMTAR='${SHELL} /home/nayeem/Desktop/DirectFB/DirectFB-examples-1.6.0/missing --run tar'
AUTOCONF='${SHELL} /home/nayeem/Desktop/DirectFB/DirectFB-examples-1.6.0/missing --run autoconf'
AUTOHEADER='${SHELL} /home/nayeem/Desktop/DirectFB/DirectFB-examples-1.6.0/missing --run autoheader'
AUTOMAKE='${SHELL} /home/nayeem/Desktop/DirectFB/DirectFB-examples-1.6.0/missing --run automake-1.11'
AWK='gawk'
CC='gcc'
CCDEPMODE='depmode=gcc3'
CFLAGS='-Wall -O3 -pipe  -Werror-implicit-function-declaration'
CPP='gcc -E'
CPPFLAGS=''
CYGPATH_W='echo'
DATADIR='${datarootdir}/directfb-examples'
DEFS='-DPACKAGE_NAME=\"\" -DPACKAGE_TARNAME=\"\" -DPACKAGE_VERSION=\"\" -DPACKAGE_STRING=\"\" -DPACKAGE_BUGREPORT=\"\" -DPACKAGE_URL=\"\" -DPACKAGE=\"DirectFB-examples\" -DVERSION=\"1.6.0\" -DSTDC_HEADERS=1 -DHAVE_SYS_TYPES_H=1 -DHAVE_SYS_STAT_H=1 -DHAVE_STDLIB_H=1 -DHAVE_STRING_H=1 -DHAVE_MEMORY_H=1 -DHAVE_STRINGS_H=1 -DHAVE_INTTYPES_H=1 -DHAVE_STDINT_H=1 -DHAVE_UNISTD_H=1 -DHAVE_STDBOOL_H=1'
DEPDIR='.deps'
DIRECTFB_CFLAGS='-D_REENTRANT -I/usr/local/include/directfb  '
DIRECTFB_LIBS='-L/usr/local/lib -ldirectfb -lfusion -ldirect -lpthread  '
ECHO_C=''
ECHO_N='-n'
ECHO_T=''
EGREP='/bin/grep -E'
EXEEXT=''
GREP='/bin/grep'
HAVE_STEREO_API_FALSE='#'
HAVE_STEREO_API_TRUE=''
INSTALL_DATA='${INSTALL} -m 644'
INSTALL_PROGRAM='${INSTALL}'
INSTALL_SCRIPT='${INSTALL}'
INSTALL_STRIP_PROGRAM='$(install_sh) -c -s'
LDFLAGS=''
LIBOBJS=''
LIBS=''
LTLIBOBJS=''
MAINT='#'
MAINTAINER_MODE_FALSE=''
MAINTAINER_MODE_TRUE='#'
MAKEINFO='${SHELL} /home/nayeem/Desktop/DirectFB/DirectFB-examples-1.6.0/missing --run makeinfo'
MKDIR_P='/bin/mkdir -p'
OBJEXT='o'
PACKAGE='DirectFB-examples'
PACKAGE_BUGREPORT=''
PACKAGE_NAME=''
PACKAGE_STRING=''
PACKAGE_TARNAME=''
PACKAGE_URL=''
PACKAGE_VERSION=''
PATH_SEPARATOR=':'
PKG_CONFIG='/usr/bin/pkg-config'
PKG_CONFIG_LIBDIR=''
PKG_CONFIG_PATH=''
SET_MAKE=''
SHELL='/bin/bash'
STRIP=''
VERSION='1.6.0'
WATER_RUNS_FALSE='#'
WATER_RUNS_TRUE=''
ac_ct_CC='gcc'
am__EXEEXT_FALSE=''
am__EXEEXT_TRUE='#'
am__fastdepCC_FALSE='#'
am__fastdepCC_TRUE=''
am__include='include'
am__isrc=''
am__leading_dot='.'
am__quote=''
am__tar='${AMTAR} chof - "$$tardir"'
am__untar='${AMTAR} xf -'
bindir='${exec_prefix}/bin'
build='i686-pc-linux-gnu'
build_alias=''
build_cpu='i686'
build_os='linux-gnu'
build_vendor='pc'
datadir='${datarootdir}'
datarootdir='${prefix}/share'
docdir='${datarootdir}/doc/${PACKAGE}'
dvidir='${docdir}'
exec_prefix='${prefix}'
host='i686-pc-linux-gnu'
host_alias=''
host_cpu='i686'
host_os='linux-gnu'
host_vendor='pc'
htmldir='${docdir}'
includedir='${prefix}/include'
infodir='${datarootdir}/info'
install_sh='${SHELL} /home/nayeem/Desktop/DirectFB/DirectFB-examples-1.6.0/install-sh'
libdir='${exec_prefix}/lib'
libexecdir='${exec_prefix}/libexec'
localedir='${datarootdir}/locale'
localstatedir='${prefix}/var'
mandir='${datarootdir}/man'
mkdir_p='/bin/mkdir -p'
oldincludedir='/usr/include'
pdfdir='${docdir}'
prefix='/usr/local'
program_transform_name='s,x,x,'
psdir='${docdir}'
sbindir='${exec_prefix}/sbin'
sharedstatedir='${prefix}/com'
sysconfdir='${prefix}/etc'
target_alias=''

## ----------- ##
## confdefs.h. ##
## ----------- ##

/* confdefs.h */
#define PACKAGE_NAME ""
#define PACKAGE_TARNAME ""
#define PACKAGE_VERSION ""
#define PACKAGE_STRING ""
#define PACKAGE_BUGREPORT ""
#define PACKAGE_URL ""
#define PACKAGE "DirectFB-examples"
#define VERSION "1.6.0"
#define STDC_HEADERS 1
#define HAVE_SYS_TYPES_H 1
#define HAVE_SYS_STAT_H 1
#define HAVE_STDLIB_H 1
#define HAVE_STRING_H 1
#define HAVE_MEMORY_H 1
#define HAVE_STRINGS_H 1
#define HAVE_INTTYPES_H 1
#define HAVE_STDINT_H 1
#define HAVE_UNISTD_H 1
#define HAVE_STDBOOL_H 1

configure: exit 0
